-- Found ament_cmake: 1.3.6 (/opt/ros/humble/share/ament_cmake/cmake)
-- Found ament_lint_auto: 0.12.9 (/opt/ros/humble/share/ament_lint_auto/cmake)
-- Added test 'flake8' to check Python code syntax and style conventions
-- Added test 'lint_cmake' to check CMake code style
-- Added test 'pep257' to check Python code against some of the docstring style conventions in PEP 257
-- Added test 'xmllint' to check XML markup files
-- Configuring done
-- Generating done
-- Build files have been written to: /home/devinhenkel/ros_workspace/bot_one/build/bot_one_pkg
-- Install configuration: ""
-- Up-to-date: /home/devinhenkel/ros_workspace/bot_one/install/bot_one_pkg/share/ament_index/resource_index/package_run_dependencies/bot_one_pkg
-- Up-to-date: /home/devinhenkel/ros_workspace/bot_one/install/bot_one_pkg/share/ament_index/resource_index/parent_prefix_path/bot_one_pkg
-- Installing: /home/devinhenkel/ros_workspace/bot_one/install/bot_one_pkg/share/bot_one_pkg/environment/ament_prefix_path.sh
-- Installing: /home/devinhenkel/ros_workspace/bot_one/install/bot_one_pkg/share/bot_one_pkg/environment/ament_prefix_path.dsv
-- Installing: /home/devinhenkel/ros_workspace/bot_one/install/bot_one_pkg/share/bot_one_pkg/environment/path.sh
-- Installing: /home/devinhenkel/ros_workspace/bot_one/install/bot_one_pkg/share/bot_one_pkg/environment/path.dsv
-- Up-to-date: /home/devinhenkel/ros_workspace/bot_one/install/bot_one_pkg/share/bot_one_pkg/local_setup.bash
-- Up-to-date: /home/devinhenkel/ros_workspace/bot_one/install/bot_one_pkg/share/bot_one_pkg/local_setup.sh
-- Up-to-date: /home/devinhenkel/ros_workspace/bot_one/install/bot_one_pkg/share/bot_one_pkg/local_setup.zsh
-- Installing: /home/devinhenkel/ros_workspace/bot_one/install/bot_one_pkg/share/bot_one_pkg/local_setup.dsv
-- Installing: /home/devinhenkel/ros_workspace/bot_one/install/bot_one_pkg/share/bot_one_pkg/package.dsv
-- Up-to-date: /home/devinhenkel/ros_workspace/bot_one/install/bot_one_pkg/share/ament_index/resource_index/packages/bot_one_pkg
-- Up-to-date: /home/devinhenkel/ros_workspace/bot_one/install/bot_one_pkg/share/bot_one_pkg/cmake/bot_one_pkgConfig.cmake
-- Up-to-date: /home/devinhenkel/ros_workspace/bot_one/install/bot_one_pkg/share/bot_one_pkg/cmake/bot_one_pkgConfig-version.cmake
-- Up-to-date: /home/devinhenkel/ros_workspace/bot_one/install/bot_one_pkg/share/bot_one_pkg/package.xml
