[0.110s] Invoking command in '/home/devinhenkel/ros_workspace/bot_one/build/bot_one_pkg': CMAKE_PREFIX_PATH=/opt/ros/humble /usr/bin/cmake --build /home/devinhenkel/ros_workspace/bot_one/build/bot_one_pkg -- -j4 -l4
[0.152s] -- Found ament_cmake: 1.3.6 (/opt/ros/humble/share/ament_cmake/cmake)
[0.461s] -- Found ament_lint_auto: 0.12.9 (/opt/ros/humble/share/ament_lint_auto/cmake)
[0.567s] -- Added test 'flake8' to check Python code syntax and style conventions
[0.568s] -- Added test 'lint_cmake' to check CMake code style
[0.569s] -- Added test 'pep257' to check Python code against some of the docstring style conventions in PEP 257
[0.570s] -- Added test 'xmllint' to check XML markup files
[0.571s] -- Configuring done
[0.576s] -- Generating done
[0.577s] -- Build files have been written to: /home/devinhenkel/ros_workspace/bot_one/build/bot_one_pkg
[0.610s] Invoked command in '/home/devinhenkel/ros_workspace/bot_one/build/bot_one_pkg' returned '0': CMAKE_PREFIX_PATH=/opt/ros/humble /usr/bin/cmake --build /home/devinhenkel/ros_workspace/bot_one/build/bot_one_pkg -- -j4 -l4
[0.670s] Invoking command in '/home/devinhenkel/ros_workspace/bot_one/build/bot_one_pkg': CMAKE_PREFIX_PATH=/opt/ros/humble /usr/bin/cmake --install /home/devinhenkel/ros_workspace/bot_one/build/bot_one_pkg
[0.681s] -- Install configuration: ""
[0.681s] -- Up-to-date: /home/devinhenkel/ros_workspace/bot_one/install/bot_one_pkg/share/ament_index/resource_index/package_run_dependencies/bot_one_pkg
[0.681s] -- Up-to-date: /home/devinhenkel/ros_workspace/bot_one/install/bot_one_pkg/share/ament_index/resource_index/parent_prefix_path/bot_one_pkg
[0.682s] -- Installing: /home/devinhenkel/ros_workspace/bot_one/install/bot_one_pkg/share/bot_one_pkg/environment/ament_prefix_path.sh
[0.682s] -- Installing: /home/devinhenkel/ros_workspace/bot_one/install/bot_one_pkg/share/bot_one_pkg/environment/ament_prefix_path.dsv
[0.682s] -- Installing: /home/devinhenkel/ros_workspace/bot_one/install/bot_one_pkg/share/bot_one_pkg/environment/path.sh
[0.682s] -- Installing: /home/devinhenkel/ros_workspace/bot_one/install/bot_one_pkg/share/bot_one_pkg/environment/path.dsv
[0.683s] -- Up-to-date: /home/devinhenkel/ros_workspace/bot_one/install/bot_one_pkg/share/bot_one_pkg/local_setup.bash
[0.683s] -- Up-to-date: /home/devinhenkel/ros_workspace/bot_one/install/bot_one_pkg/share/bot_one_pkg/local_setup.sh
[0.683s] -- Up-to-date: /home/devinhenkel/ros_workspace/bot_one/install/bot_one_pkg/share/bot_one_pkg/local_setup.zsh
[0.683s] -- Installing: /home/devinhenkel/ros_workspace/bot_one/install/bot_one_pkg/share/bot_one_pkg/local_setup.dsv
[0.684s] -- Installing: /home/devinhenkel/ros_workspace/bot_one/install/bot_one_pkg/share/bot_one_pkg/package.dsv
[0.684s] -- Up-to-date: /home/devinhenkel/ros_workspace/bot_one/install/bot_one_pkg/share/ament_index/resource_index/packages/bot_one_pkg
[0.684s] -- Up-to-date: /home/devinhenkel/ros_workspace/bot_one/install/bot_one_pkg/share/bot_one_pkg/cmake/bot_one_pkgConfig.cmake
[0.684s] -- Up-to-date: /home/devinhenkel/ros_workspace/bot_one/install/bot_one_pkg/share/bot_one_pkg/cmake/bot_one_pkgConfig-version.cmake
[0.684s] -- Up-to-date: /home/devinhenkel/ros_workspace/bot_one/install/bot_one_pkg/share/bot_one_pkg/package.xml
[0.687s] Invoked command in '/home/devinhenkel/ros_workspace/bot_one/build/bot_one_pkg' returned '0': CMAKE_PREFIX_PATH=/opt/ros/humble /usr/bin/cmake --install /home/devinhenkel/ros_workspace/bot_one/build/bot_one_pkg
