-- Found ament_cmake: 1.3.6 (/opt/ros/humble/share/ament_cmake/cmake)
-- Found rclpy: 3.3.11 (/opt/ros/humble/share/rclpy/cmake)
-- Found ament_lint_auto: 0.12.9 (/opt/ros/humble/share/ament_lint_auto/cmake)
-- Added test 'flake8' to check Python code syntax and style conventions
-- Added test 'lint_cmake' to check CMake code style
-- Added test 'pep257' to check Python code against some of the docstring style conventions in PEP 257
-- Added test 'xmllint' to check XML markup files
-- Configuring done
-- Generating done
-- Build files have been written to: /home/devinhenkel/ros_workspace/bot_one/build/bot_one_pkg
Built target ament_cmake_python_copy_scripts
running egg_info
creating scripts.egg-info
writing scripts.egg-info/PKG-INFO
writing dependency_links to scripts.egg-info/dependency_links.txt
writing top-level names to scripts.egg-info/top_level.txt
writing manifest file 'scripts.egg-info/SOURCES.txt'
reading manifest file 'scripts.egg-info/SOURCES.txt'
writing manifest file 'scripts.egg-info/SOURCES.txt'
Built target ament_cmake_python_build_scripts_egg
-- Install configuration: ""
-- Installing: /home/devinhenkel/ros_workspace/bot_one/install/bot_one_pkg/share/bot_one_pkg/environment/pythonpath.sh
-- Installing: /home/devinhenkel/ros_workspace/bot_one/install/bot_one_pkg/share/bot_one_pkg/environment/pythonpath.dsv
-- Installing: /home/devinhenkel/ros_workspace/bot_one/install/bot_one_pkg/local/lib/python3.10/dist-packages/scripts-0.0.0-py3.10.egg-info
-- Installing: /home/devinhenkel/ros_workspace/bot_one/install/bot_one_pkg/local/lib/python3.10/dist-packages/scripts-0.0.0-py3.10.egg-info/top_level.txt
-- Installing: /home/devinhenkel/ros_workspace/bot_one/install/bot_one_pkg/local/lib/python3.10/dist-packages/scripts-0.0.0-py3.10.egg-info/PKG-INFO
-- Installing: /home/devinhenkel/ros_workspace/bot_one/install/bot_one_pkg/local/lib/python3.10/dist-packages/scripts-0.0.0-py3.10.egg-info/SOURCES.txt
-- Installing: /home/devinhenkel/ros_workspace/bot_one/install/bot_one_pkg/local/lib/python3.10/dist-packages/scripts-0.0.0-py3.10.egg-info/dependency_links.txt
-- Installing: /home/devinhenkel/ros_workspace/bot_one/install/bot_one_pkg/local/lib/python3.10/dist-packages/scripts
-- Installing: /home/devinhenkel/ros_workspace/bot_one/install/bot_one_pkg/local/lib/python3.10/dist-packages/scripts/py_pub.py
-- Installing: /home/devinhenkel/ros_workspace/bot_one/install/bot_one_pkg/local/lib/python3.10/dist-packages/scripts/__init__.py
-- Installing: /home/devinhenkel/ros_workspace/bot_one/install/bot_one_pkg/local/lib/python3.10/dist-packages/scripts/py_sub.py
Listing '/home/devinhenkel/ros_workspace/bot_one/install/bot_one_pkg/local/lib/python3.10/dist-packages/scripts'...
Compiling '/home/devinhenkel/ros_workspace/bot_one/install/bot_one_pkg/local/lib/python3.10/dist-packages/scripts/__init__.py'...
Compiling '/home/devinhenkel/ros_workspace/bot_one/install/bot_one_pkg/local/lib/python3.10/dist-packages/scripts/py_pub.py'...
Compiling '/home/devinhenkel/ros_workspace/bot_one/install/bot_one_pkg/local/lib/python3.10/dist-packages/scripts/py_sub.py'...
-- Installing: /home/devinhenkel/ros_workspace/bot_one/install/bot_one_pkg/lib/bot_one_pkg/py_pub.py
-- Installing: /home/devinhenkel/ros_workspace/bot_one/install/bot_one_pkg/lib/bot_one_pkg/py_sub.py
-- Installing: /home/devinhenkel/ros_workspace/bot_one/install/bot_one_pkg/share/ament_index/resource_index/package_run_dependencies/bot_one_pkg
-- Up-to-date: /home/devinhenkel/ros_workspace/bot_one/install/bot_one_pkg/share/ament_index/resource_index/parent_prefix_path/bot_one_pkg
-- Up-to-date: /home/devinhenkel/ros_workspace/bot_one/install/bot_one_pkg/share/bot_one_pkg/environment/ament_prefix_path.sh
-- Installing: /home/devinhenkel/ros_workspace/bot_one/install/bot_one_pkg/share/bot_one_pkg/environment/ament_prefix_path.dsv
-- Up-to-date: /home/devinhenkel/ros_workspace/bot_one/install/bot_one_pkg/share/bot_one_pkg/environment/path.sh
-- Installing: /home/devinhenkel/ros_workspace/bot_one/install/bot_one_pkg/share/bot_one_pkg/environment/path.dsv
-- Up-to-date: /home/devinhenkel/ros_workspace/bot_one/install/bot_one_pkg/share/bot_one_pkg/local_setup.bash
-- Installing: /home/devinhenkel/ros_workspace/bot_one/install/bot_one_pkg/share/bot_one_pkg/local_setup.sh
-- Up-to-date: /home/devinhenkel/ros_workspace/bot_one/install/bot_one_pkg/share/bot_one_pkg/local_setup.zsh
-- Installing: /home/devinhenkel/ros_workspace/bot_one/install/bot_one_pkg/share/bot_one_pkg/local_setup.dsv
-- Installing: /home/devinhenkel/ros_workspace/bot_one/install/bot_one_pkg/share/bot_one_pkg/package.dsv
-- Up-to-date: /home/devinhenkel/ros_workspace/bot_one/install/bot_one_pkg/share/ament_index/resource_index/packages/bot_one_pkg
-- Up-to-date: /home/devinhenkel/ros_workspace/bot_one/install/bot_one_pkg/share/bot_one_pkg/cmake/bot_one_pkgConfig.cmake
-- Up-to-date: /home/devinhenkel/ros_workspace/bot_one/install/bot_one_pkg/share/bot_one_pkg/cmake/bot_one_pkgConfig-version.cmake
-- Installing: /home/devinhenkel/ros_workspace/bot_one/install/bot_one_pkg/share/bot_one_pkg/package.xml
