[0.123s] Invoking command in '/home/devinhenkel/ros_workspace/bot_one/build/bot_one_pkg': CMAKE_PREFIX_PATH=/opt/ros/humble /usr/bin/cmake --build /home/devinhenkel/ros_workspace/bot_one/build/bot_one_pkg -- -j4 -l4
[0.170s] -- Found ament_cmake: 1.3.6 (/opt/ros/humble/share/ament_cmake/cmake)
[0.440s] -- Found rclpy: 3.3.11 (/opt/ros/humble/share/rclpy/cmake)
[0.570s] -- Found ament_lint_auto: 0.12.9 (/opt/ros/humble/share/ament_lint_auto/cmake)
[0.693s] -- Added test 'flake8' to check Python code syntax and style conventions
[0.694s] -- Added test 'lint_cmake' to check CMake code style
[0.695s] -- Added test 'pep257' to check Python code against some of the docstring style conventions in PEP 257
[0.696s] -- Added test 'xmllint' to check XML markup files
[0.697s] -- Configuring done
[0.704s] -- Generating done
[0.706s] -- Build files have been written to: /home/devinhenkel/ros_workspace/bot_one/build/bot_one_pkg
[0.772s] Built target ament_cmake_python_copy_scripts
[1.126s] running egg_info
[1.129s] creating scripts.egg-info
[1.129s] writing scripts.egg-info/PKG-INFO
[1.130s] writing dependency_links to scripts.egg-info/dependency_links.txt
[1.130s] writing top-level names to scripts.egg-info/top_level.txt
[1.133s] writing manifest file 'scripts.egg-info/SOURCES.txt'
[1.138s] reading manifest file 'scripts.egg-info/SOURCES.txt'
[1.139s] writing manifest file 'scripts.egg-info/SOURCES.txt'
[1.192s] Built target ament_cmake_python_build_scripts_egg
[1.212s] Invoked command in '/home/devinhenkel/ros_workspace/bot_one/build/bot_one_pkg' returned '0': CMAKE_PREFIX_PATH=/opt/ros/humble /usr/bin/cmake --build /home/devinhenkel/ros_workspace/bot_one/build/bot_one_pkg -- -j4 -l4
[1.272s] Invoking command in '/home/devinhenkel/ros_workspace/bot_one/build/bot_one_pkg': CMAKE_PREFIX_PATH=/opt/ros/humble /usr/bin/cmake --install /home/devinhenkel/ros_workspace/bot_one/build/bot_one_pkg
[1.286s] -- Install configuration: ""
[1.286s] -- Installing: /home/devinhenkel/ros_workspace/bot_one/install/bot_one_pkg/share/bot_one_pkg/environment/pythonpath.sh
[1.287s] -- Installing: /home/devinhenkel/ros_workspace/bot_one/install/bot_one_pkg/share/bot_one_pkg/environment/pythonpath.dsv
[1.287s] -- Installing: /home/devinhenkel/ros_workspace/bot_one/install/bot_one_pkg/local/lib/python3.10/dist-packages/scripts-0.0.0-py3.10.egg-info
[1.287s] -- Installing: /home/devinhenkel/ros_workspace/bot_one/install/bot_one_pkg/local/lib/python3.10/dist-packages/scripts-0.0.0-py3.10.egg-info/top_level.txt
[1.288s] -- Installing: /home/devinhenkel/ros_workspace/bot_one/install/bot_one_pkg/local/lib/python3.10/dist-packages/scripts-0.0.0-py3.10.egg-info/PKG-INFO
[1.288s] -- Installing: /home/devinhenkel/ros_workspace/bot_one/install/bot_one_pkg/local/lib/python3.10/dist-packages/scripts-0.0.0-py3.10.egg-info/SOURCES.txt
[1.288s] -- Installing: /home/devinhenkel/ros_workspace/bot_one/install/bot_one_pkg/local/lib/python3.10/dist-packages/scripts-0.0.0-py3.10.egg-info/dependency_links.txt
[1.288s] -- Installing: /home/devinhenkel/ros_workspace/bot_one/install/bot_one_pkg/local/lib/python3.10/dist-packages/scripts
[1.289s] -- Installing: /home/devinhenkel/ros_workspace/bot_one/install/bot_one_pkg/local/lib/python3.10/dist-packages/scripts/py_pub.py
[1.289s] -- Installing: /home/devinhenkel/ros_workspace/bot_one/install/bot_one_pkg/local/lib/python3.10/dist-packages/scripts/__init__.py
[1.289s] -- Installing: /home/devinhenkel/ros_workspace/bot_one/install/bot_one_pkg/local/lib/python3.10/dist-packages/scripts/py_sub.py
[1.355s] Listing '/home/devinhenkel/ros_workspace/bot_one/install/bot_one_pkg/local/lib/python3.10/dist-packages/scripts'...
[1.356s] Compiling '/home/devinhenkel/ros_workspace/bot_one/install/bot_one_pkg/local/lib/python3.10/dist-packages/scripts/__init__.py'...
[1.356s] Compiling '/home/devinhenkel/ros_workspace/bot_one/install/bot_one_pkg/local/lib/python3.10/dist-packages/scripts/py_pub.py'...
[1.356s] Compiling '/home/devinhenkel/ros_workspace/bot_one/install/bot_one_pkg/local/lib/python3.10/dist-packages/scripts/py_sub.py'...
[1.364s] -- Installing: /home/devinhenkel/ros_workspace/bot_one/install/bot_one_pkg/lib/bot_one_pkg/py_pub.py
[1.364s] -- Installing: /home/devinhenkel/ros_workspace/bot_one/install/bot_one_pkg/lib/bot_one_pkg/py_sub.py
[1.365s] -- Installing: /home/devinhenkel/ros_workspace/bot_one/install/bot_one_pkg/share/ament_index/resource_index/package_run_dependencies/bot_one_pkg
[1.365s] -- Up-to-date: /home/devinhenkel/ros_workspace/bot_one/install/bot_one_pkg/share/ament_index/resource_index/parent_prefix_path/bot_one_pkg
[1.365s] -- Up-to-date: /home/devinhenkel/ros_workspace/bot_one/install/bot_one_pkg/share/bot_one_pkg/environment/ament_prefix_path.sh
[1.365s] -- Installing: /home/devinhenkel/ros_workspace/bot_one/install/bot_one_pkg/share/bot_one_pkg/environment/ament_prefix_path.dsv
[1.365s] -- Up-to-date: /home/devinhenkel/ros_workspace/bot_one/install/bot_one_pkg/share/bot_one_pkg/environment/path.sh
[1.366s] -- Installing: /home/devinhenkel/ros_workspace/bot_one/install/bot_one_pkg/share/bot_one_pkg/environment/path.dsv
[1.366s] -- Up-to-date: /home/devinhenkel/ros_workspace/bot_one/install/bot_one_pkg/share/bot_one_pkg/local_setup.bash
[1.366s] -- Installing: /home/devinhenkel/ros_workspace/bot_one/install/bot_one_pkg/share/bot_one_pkg/local_setup.sh
[1.366s] -- Up-to-date: /home/devinhenkel/ros_workspace/bot_one/install/bot_one_pkg/share/bot_one_pkg/local_setup.zsh
[1.366s] -- Installing: /home/devinhenkel/ros_workspace/bot_one/install/bot_one_pkg/share/bot_one_pkg/local_setup.dsv
[1.366s] -- Installing: /home/devinhenkel/ros_workspace/bot_one/install/bot_one_pkg/share/bot_one_pkg/package.dsv
[1.367s] -- Up-to-date: /home/devinhenkel/ros_workspace/bot_one/install/bot_one_pkg/share/ament_index/resource_index/packages/bot_one_pkg
[1.367s] -- Up-to-date: /home/devinhenkel/ros_workspace/bot_one/install/bot_one_pkg/share/bot_one_pkg/cmake/bot_one_pkgConfig.cmake
[1.367s] -- Up-to-date: /home/devinhenkel/ros_workspace/bot_one/install/bot_one_pkg/share/bot_one_pkg/cmake/bot_one_pkgConfig-version.cmake
[1.367s] -- Installing: /home/devinhenkel/ros_workspace/bot_one/install/bot_one_pkg/share/bot_one_pkg/package.xml
[1.372s] Invoked command in '/home/devinhenkel/ros_workspace/bot_one/build/bot_one_pkg' returned '0': CMAKE_PREFIX_PATH=/opt/ros/humble /usr/bin/cmake --install /home/devinhenkel/ros_workspace/bot_one/build/bot_one_pkg
