[0.270s] Invoking command in '/home/devinhenkel/ros_workspace/build/bot_one_pkg': CMAKE_PREFIX_PATH=${CMAKE_PREFIX_PATH}:/opt/ros/humble /usr/bin/cmake --build /home/devinhenkel/ros_workspace/build/bot_one_pkg -- -j4 -l4
[0.400s] Built target ament_cmake_python_symlink_scripts
[0.907s] running egg_info
[0.909s] writing scripts.egg-info/PKG-INFO
[0.909s] writing dependency_links to scripts.egg-info/dependency_links.txt
[0.909s] writing top-level names to scripts.egg-info/top_level.txt
[0.917s] reading manifest file 'scripts.egg-info/SOURCES.txt'
[0.920s] writing manifest file 'scripts.egg-info/SOURCES.txt'
[0.993s] Built target ament_cmake_python_build_scripts_egg
[1.026s] Invoked command in '/home/devinhenkel/ros_workspace/build/bot_one_pkg' returned '0': CMAKE_PREFIX_PATH=${CMAKE_PREFIX_PATH}:/opt/ros/humble /usr/bin/cmake --build /home/devinhenkel/ros_workspace/build/bot_one_pkg -- -j4 -l4
[1.112s] Invoking command in '/home/devinhenkel/ros_workspace/build/bot_one_pkg': CMAKE_PREFIX_PATH=${CMAKE_PREFIX_PATH}:/opt/ros/humble /usr/bin/cmake --install /home/devinhenkel/ros_workspace/build/bot_one_pkg
[1.126s] -- Install configuration: ""
[1.127s] -- Execute custom install script
[1.127s] -- Up-to-date symlink: /home/devinhenkel/ros_workspace/install/bot_one_pkg/share/bot_one_pkg/environment/pythonpath.sh
[1.128s] -- Up-to-date symlink: /home/devinhenkel/ros_workspace/install/bot_one_pkg/share/bot_one_pkg/environment/pythonpath.dsv
[1.129s] -- Up-to-date symlink: /home/devinhenkel/ros_workspace/install/bot_one_pkg/local/lib/python3.10/dist-packages/scripts-0.0.0-py3.10.egg-info/PKG-INFO
[1.129s] -- Up-to-date symlink: /home/devinhenkel/ros_workspace/install/bot_one_pkg/local/lib/python3.10/dist-packages/scripts-0.0.0-py3.10.egg-info/SOURCES.txt
[1.129s] -- Up-to-date symlink: /home/devinhenkel/ros_workspace/install/bot_one_pkg/local/lib/python3.10/dist-packages/scripts-0.0.0-py3.10.egg-info/dependency_links.txt
[1.130s] -- Up-to-date symlink: /home/devinhenkel/ros_workspace/install/bot_one_pkg/local/lib/python3.10/dist-packages/scripts-0.0.0-py3.10.egg-info/top_level.txt
[1.131s] -- Up-to-date symlink: /home/devinhenkel/ros_workspace/install/bot_one_pkg/local/lib/python3.10/dist-packages/scripts/__init__.py
[1.131s] -- Up-to-date symlink: /home/devinhenkel/ros_workspace/install/bot_one_pkg/local/lib/python3.10/dist-packages/scripts/py_pub.py
[1.132s] -- Up-to-date symlink: /home/devinhenkel/ros_workspace/install/bot_one_pkg/local/lib/python3.10/dist-packages/scripts/py_sub.py
[1.132s] -- Up-to-date symlink: /home/devinhenkel/ros_workspace/install/bot_one_pkg/local/lib/python3.10/dist-packages/scripts/rpm_pub.py
[1.132s] -- Up-to-date symlink: /home/devinhenkel/ros_workspace/install/bot_one_pkg/lib/bot_one_pkg/py_pub.py
[1.133s] -- Up-to-date symlink: /home/devinhenkel/ros_workspace/install/bot_one_pkg/lib/bot_one_pkg/py_sub.py
[1.133s] -- Up-to-date symlink: /home/devinhenkel/ros_workspace/install/bot_one_pkg/lib/bot_one_pkg/rpm_pub.py
[1.134s] -- Up-to-date symlink: /home/devinhenkel/ros_workspace/install/bot_one_pkg/share/bot_one_pkg/launch/bot_one_launch.py
[1.135s] -- Up-to-date symlink: /home/devinhenkel/ros_workspace/install/bot_one_pkg/share/ament_index/resource_index/package_run_dependencies/bot_one_pkg
[1.136s] -- Up-to-date symlink: /home/devinhenkel/ros_workspace/install/bot_one_pkg/share/ament_index/resource_index/parent_prefix_path/bot_one_pkg
[1.136s] -- Up-to-date symlink: /home/devinhenkel/ros_workspace/install/bot_one_pkg/share/bot_one_pkg/environment/ament_prefix_path.sh
[1.137s] -- Up-to-date symlink: /home/devinhenkel/ros_workspace/install/bot_one_pkg/share/bot_one_pkg/environment/ament_prefix_path.dsv
[1.137s] -- Up-to-date symlink: /home/devinhenkel/ros_workspace/install/bot_one_pkg/share/bot_one_pkg/environment/path.sh
[1.137s] -- Up-to-date symlink: /home/devinhenkel/ros_workspace/install/bot_one_pkg/share/bot_one_pkg/environment/path.dsv
[1.138s] -- Up-to-date symlink: /home/devinhenkel/ros_workspace/install/bot_one_pkg/share/bot_one_pkg/local_setup.bash
[1.138s] -- Up-to-date symlink: /home/devinhenkel/ros_workspace/install/bot_one_pkg/share/bot_one_pkg/local_setup.sh
[1.139s] -- Up-to-date symlink: /home/devinhenkel/ros_workspace/install/bot_one_pkg/share/bot_one_pkg/local_setup.zsh
[1.139s] -- Up-to-date symlink: /home/devinhenkel/ros_workspace/install/bot_one_pkg/share/bot_one_pkg/local_setup.dsv
[1.141s] -- Symlinking: /home/devinhenkel/ros_workspace/install/bot_one_pkg/share/bot_one_pkg/package.dsv
[1.162s] -- Up-to-date symlink: /home/devinhenkel/ros_workspace/install/bot_one_pkg/share/ament_index/resource_index/packages/bot_one_pkg
[1.162s] -- Up-to-date symlink: /home/devinhenkel/ros_workspace/install/bot_one_pkg/share/bot_one_pkg/cmake/bot_one_pkgConfig.cmake
[1.162s] -- Up-to-date symlink: /home/devinhenkel/ros_workspace/install/bot_one_pkg/share/bot_one_pkg/cmake/bot_one_pkgConfig-version.cmake
[1.163s] -- Up-to-date symlink: /home/devinhenkel/ros_workspace/install/bot_one_pkg/share/bot_one_pkg/package.xml
[1.231s] Listing '/home/devinhenkel/ros_workspace/install/bot_one_pkg/local/lib/python3.10/dist-packages/scripts'...
[1.246s] Invoked command in '/home/devinhenkel/ros_workspace/build/bot_one_pkg' returned '0': CMAKE_PREFIX_PATH=${CMAKE_PREFIX_PATH}:/opt/ros/humble /usr/bin/cmake --install /home/devinhenkel/ros_workspace/build/bot_one_pkg
