[0.200s] Invoking command in '/home/devinhenkel/ros_workspace/build/bot_one_pkg': CMAKE_PREFIX_PATH=${CMAKE_PREFIX_PATH}:/opt/ros/humble /usr/bin/cmake /home/devinhenkel/ros_workspace/bot_one/src/bot_one_pkg -DCMAKE_INSTALL_PREFIX=/home/devinhenkel/ros_workspace/install/bot_one_pkg
[0.236s] -- Found ament_cmake: 1.3.6 (/opt/ros/humble/share/ament_cmake/cmake)
[0.513s] -- Override CMake install command with custom implementation using symlinks instead of copying resources
[0.541s] -- Found rclpy: 3.3.11 (/opt/ros/humble/share/rclpy/cmake)
[0.657s] -- Found ament_lint_auto: 0.12.9 (/opt/ros/humble/share/ament_lint_auto/cmake)
[0.790s] -- Added test 'flake8' to check Python code syntax and style conventions
[0.791s] -- Added test 'lint_cmake' to check CMake code style
[0.791s] -- Added test 'pep257' to check Python code against some of the docstring style conventions in PEP 257
[0.794s] -- Added test 'xmllint' to check XML markup files
[0.796s] -- Configuring done
[0.804s] -- Generating done
[0.806s] -- Build files have been written to: /home/devinhenkel/ros_workspace/build/bot_one_pkg
[0.811s] Invoked command in '/home/devinhenkel/ros_workspace/build/bot_one_pkg' returned '0': CMAKE_PREFIX_PATH=${CMAKE_PREFIX_PATH}:/opt/ros/humble /usr/bin/cmake /home/devinhenkel/ros_workspace/bot_one/src/bot_one_pkg -DCMAKE_INSTALL_PREFIX=/home/devinhenkel/ros_workspace/install/bot_one_pkg
[0.817s] Invoking command in '/home/devinhenkel/ros_workspace/build/bot_one_pkg': CMAKE_PREFIX_PATH=${CMAKE_PREFIX_PATH}:/opt/ros/humble /usr/bin/cmake --build /home/devinhenkel/ros_workspace/build/bot_one_pkg -- -j4 -l4
[0.915s] Built target ament_cmake_python_symlink_scripts
[1.341s] running egg_info
[1.342s] writing scripts.egg-info/PKG-INFO
[1.343s] writing dependency_links to scripts.egg-info/dependency_links.txt
[1.343s] writing top-level names to scripts.egg-info/top_level.txt
[1.351s] reading manifest file 'scripts.egg-info/SOURCES.txt'
[1.352s] writing manifest file 'scripts.egg-info/SOURCES.txt'
[1.427s] Built target ament_cmake_python_build_scripts_egg
[1.448s] Invoked command in '/home/devinhenkel/ros_workspace/build/bot_one_pkg' returned '0': CMAKE_PREFIX_PATH=${CMAKE_PREFIX_PATH}:/opt/ros/humble /usr/bin/cmake --build /home/devinhenkel/ros_workspace/build/bot_one_pkg -- -j4 -l4
[1.508s] Invoking command in '/home/devinhenkel/ros_workspace/build/bot_one_pkg': CMAKE_PREFIX_PATH=${CMAKE_PREFIX_PATH}:/opt/ros/humble /usr/bin/cmake --install /home/devinhenkel/ros_workspace/build/bot_one_pkg
[1.522s] -- Install configuration: ""
[1.523s] -- Execute custom install script
[1.523s] -- Up-to-date symlink: /home/devinhenkel/ros_workspace/install/bot_one_pkg/share/bot_one_pkg/environment/pythonpath.sh
[1.524s] -- Up-to-date symlink: /home/devinhenkel/ros_workspace/install/bot_one_pkg/share/bot_one_pkg/environment/pythonpath.dsv
[1.524s] -- Up-to-date symlink: /home/devinhenkel/ros_workspace/install/bot_one_pkg/local/lib/python3.10/dist-packages/scripts-0.0.0-py3.10.egg-info/PKG-INFO
[1.525s] -- Up-to-date symlink: /home/devinhenkel/ros_workspace/install/bot_one_pkg/local/lib/python3.10/dist-packages/scripts-0.0.0-py3.10.egg-info/SOURCES.txt
[1.525s] -- Up-to-date symlink: /home/devinhenkel/ros_workspace/install/bot_one_pkg/local/lib/python3.10/dist-packages/scripts-0.0.0-py3.10.egg-info/dependency_links.txt
[1.525s] -- Up-to-date symlink: /home/devinhenkel/ros_workspace/install/bot_one_pkg/local/lib/python3.10/dist-packages/scripts-0.0.0-py3.10.egg-info/top_level.txt
[1.526s] -- Up-to-date symlink: /home/devinhenkel/ros_workspace/install/bot_one_pkg/local/lib/python3.10/dist-packages/scripts/__init__.py
[1.526s] -- Up-to-date symlink: /home/devinhenkel/ros_workspace/install/bot_one_pkg/local/lib/python3.10/dist-packages/scripts/py_pub.py
[1.527s] -- Up-to-date symlink: /home/devinhenkel/ros_workspace/install/bot_one_pkg/local/lib/python3.10/dist-packages/scripts/py_sub.py
[1.527s] -- Up-to-date symlink: /home/devinhenkel/ros_workspace/install/bot_one_pkg/local/lib/python3.10/dist-packages/scripts/rpm_pub.py
[1.527s] -- Up-to-date symlink: /home/devinhenkel/ros_workspace/install/bot_one_pkg/lib/bot_one_pkg/py_pub.py
[1.528s] -- Up-to-date symlink: /home/devinhenkel/ros_workspace/install/bot_one_pkg/lib/bot_one_pkg/py_sub.py
[1.528s] -- Up-to-date symlink: /home/devinhenkel/ros_workspace/install/bot_one_pkg/lib/bot_one_pkg/rpm_pub.py
[1.528s] -- Symlinking: /home/devinhenkel/ros_workspace/install/bot_one_pkg/share/bot_one_pkg/launch/bot_one_launch.py
[1.544s] -- Up-to-date symlink: /home/devinhenkel/ros_workspace/install/bot_one_pkg/share/ament_index/resource_index/package_run_dependencies/bot_one_pkg
[1.545s] -- Up-to-date symlink: /home/devinhenkel/ros_workspace/install/bot_one_pkg/share/ament_index/resource_index/parent_prefix_path/bot_one_pkg
[1.545s] -- Up-to-date symlink: /home/devinhenkel/ros_workspace/install/bot_one_pkg/share/bot_one_pkg/environment/ament_prefix_path.sh
[1.545s] -- Up-to-date symlink: /home/devinhenkel/ros_workspace/install/bot_one_pkg/share/bot_one_pkg/environment/ament_prefix_path.dsv
[1.546s] -- Up-to-date symlink: /home/devinhenkel/ros_workspace/install/bot_one_pkg/share/bot_one_pkg/environment/path.sh
[1.546s] -- Up-to-date symlink: /home/devinhenkel/ros_workspace/install/bot_one_pkg/share/bot_one_pkg/environment/path.dsv
[1.547s] -- Up-to-date symlink: /home/devinhenkel/ros_workspace/install/bot_one_pkg/share/bot_one_pkg/local_setup.bash
[1.547s] -- Up-to-date symlink: /home/devinhenkel/ros_workspace/install/bot_one_pkg/share/bot_one_pkg/local_setup.sh
[1.547s] -- Up-to-date symlink: /home/devinhenkel/ros_workspace/install/bot_one_pkg/share/bot_one_pkg/local_setup.zsh
[1.548s] -- Up-to-date symlink: /home/devinhenkel/ros_workspace/install/bot_one_pkg/share/bot_one_pkg/local_setup.dsv
[1.548s] -- Symlinking: /home/devinhenkel/ros_workspace/install/bot_one_pkg/share/bot_one_pkg/package.dsv
[1.566s] -- Up-to-date symlink: /home/devinhenkel/ros_workspace/install/bot_one_pkg/share/ament_index/resource_index/packages/bot_one_pkg
[1.566s] -- Up-to-date symlink: /home/devinhenkel/ros_workspace/install/bot_one_pkg/share/bot_one_pkg/cmake/bot_one_pkgConfig.cmake
[1.566s] -- Up-to-date symlink: /home/devinhenkel/ros_workspace/install/bot_one_pkg/share/bot_one_pkg/cmake/bot_one_pkgConfig-version.cmake
[1.566s] -- Up-to-date symlink: /home/devinhenkel/ros_workspace/install/bot_one_pkg/share/bot_one_pkg/package.xml
[1.629s] Listing '/home/devinhenkel/ros_workspace/install/bot_one_pkg/local/lib/python3.10/dist-packages/scripts'...
[1.640s] Invoked command in '/home/devinhenkel/ros_workspace/build/bot_one_pkg' returned '0': CMAKE_PREFIX_PATH=${CMAKE_PREFIX_PATH}:/opt/ros/humble /usr/bin/cmake --install /home/devinhenkel/ros_workspace/build/bot_one_pkg
