[2.255s] DEBUG:colcon:Command line arguments: ['/usr/bin/colcon', 'build', '--symlink-install']
[2.255s] DEBUG:colcon:Parsed command line arguments: Namespace(log_base=None, log_level=None, verb_name='build', build_base='build', install_base='install', merge_install=False, symlink_install=True, test_result_base=None, continue_on_error=False, executor='parallel', parallel_workers=4, event_handlers=None, ignore_user_meta=False, metas=['./colcon.meta'], base_paths=['.'], packages_ignore=None, packages_ignore_regex=None, paths=None, packages_up_to=None, packages_up_to_regex=None, packages_above=None, packages_above_and_dependencies=None, packages_above_depth=None, packages_select_by_dep=None, packages_skip_by_dep=None, packages_skip_up_to=None, packages_select_build_failed=False, packages_skip_build_finished=False, packages_select_test_failures=False, packages_skip_test_passed=False, packages_select=None, packages_skip=None, packages_select_regex=None, packages_skip_regex=None, packages_start=None, packages_end=None, allow_overriding=[], cmake_args=None, cmake_target=None, cmake_target_skip_unavailable=False, cmake_clean_cache=False, cmake_clean_first=False, cmake_force_configure=False, ament_cmake_args=None, catkin_cmake_args=None, catkin_skip_building_tests=False, verb_parser=<colcon_defaults.argument_parser.defaults.DefaultArgumentsDecorator object at 0x7f614fc7ab90>, verb_extension=<colcon_core.verb.build.BuildVerb object at 0x7f614fc79030>, main=<bound method BuildVerb.main of <colcon_core.verb.build.BuildVerb object at 0x7f614fc79030>>)
[2.334s] Level 1:colcon.colcon_core.package_discovery:discover_packages(colcon_meta) check parameters
[2.334s] Level 1:colcon.colcon_core.package_discovery:discover_packages(recursive) check parameters
[2.334s] Level 1:colcon.colcon_core.package_discovery:discover_packages(ignore) check parameters
[2.334s] Level 1:colcon.colcon_core.package_discovery:discover_packages(path) check parameters
[2.335s] Level 1:colcon.colcon_core.package_discovery:discover_packages(colcon_meta) discover
[2.335s] Level 1:colcon.colcon_core.package_discovery:discover_packages(recursive) discover
[2.335s] INFO:colcon.colcon_core.package_discovery:Crawling recursively for packages in '/home/devinhenkel/ros_workspace'
[2.335s] Level 1:colcon.colcon_core.package_identification:_identify(.) by extensions ['ignore', 'ignore_ament_install']
[2.335s] Level 1:colcon.colcon_core.package_identification:_identify(.) by extension 'ignore'
[2.336s] Level 1:colcon.colcon_core.package_identification:_identify(.) by extension 'ignore_ament_install'
[2.336s] Level 1:colcon.colcon_core.package_identification:_identify(.) by extensions ['colcon_pkg']
[2.336s] Level 1:colcon.colcon_core.package_identification:_identify(.) by extension 'colcon_pkg'
[2.336s] Level 1:colcon.colcon_core.package_identification:_identify(.) by extensions ['colcon_meta']
[2.336s] Level 1:colcon.colcon_core.package_identification:_identify(.) by extension 'colcon_meta'
[2.336s] Level 1:colcon.colcon_core.package_identification:_identify(.) by extensions ['ros']
[2.336s] Level 1:colcon.colcon_core.package_identification:_identify(.) by extension 'ros'
[2.354s] Level 1:colcon.colcon_core.package_identification:_identify(.) by extensions ['cmake', 'python']
[2.354s] Level 1:colcon.colcon_core.package_identification:_identify(.) by extension 'cmake'
[2.354s] Level 1:colcon.colcon_core.package_identification:_identify(.) by extension 'python'
[2.354s] Level 1:colcon.colcon_core.package_identification:_identify(.) by extensions ['python_setup_py']
[2.355s] Level 1:colcon.colcon_core.package_identification:_identify(.) by extension 'python_setup_py'
[2.355s] Level 1:colcon.colcon_core.package_identification:_identify(bot_one) by extensions ['ignore', 'ignore_ament_install']
[2.355s] Level 1:colcon.colcon_core.package_identification:_identify(bot_one) by extension 'ignore'
[2.355s] Level 1:colcon.colcon_core.package_identification:_identify(bot_one) by extension 'ignore_ament_install'
[2.355s] Level 1:colcon.colcon_core.package_identification:_identify(bot_one) by extensions ['colcon_pkg']
[2.355s] Level 1:colcon.colcon_core.package_identification:_identify(bot_one) by extension 'colcon_pkg'
[2.355s] Level 1:colcon.colcon_core.package_identification:_identify(bot_one) by extensions ['colcon_meta']
[2.355s] Level 1:colcon.colcon_core.package_identification:_identify(bot_one) by extension 'colcon_meta'
[2.355s] Level 1:colcon.colcon_core.package_identification:_identify(bot_one) by extensions ['ros']
[2.355s] Level 1:colcon.colcon_core.package_identification:_identify(bot_one) by extension 'ros'
[2.355s] Level 1:colcon.colcon_core.package_identification:_identify(bot_one) by extensions ['cmake', 'python']
[2.356s] Level 1:colcon.colcon_core.package_identification:_identify(bot_one) by extension 'cmake'
[2.356s] Level 1:colcon.colcon_core.package_identification:_identify(bot_one) by extension 'python'
[2.356s] Level 1:colcon.colcon_core.package_identification:_identify(bot_one) by extensions ['python_setup_py']
[2.356s] Level 1:colcon.colcon_core.package_identification:_identify(bot_one) by extension 'python_setup_py'
[2.356s] Level 1:colcon.colcon_core.package_identification:_identify(bot_one/build) by extensions ['ignore', 'ignore_ament_install']
[2.356s] Level 1:colcon.colcon_core.package_identification:_identify(bot_one/build) by extension 'ignore'
[2.356s] Level 1:colcon.colcon_core.package_identification:_identify(bot_one/build) ignored
[2.356s] Level 1:colcon.colcon_core.package_identification:_identify(bot_one/install) by extensions ['ignore', 'ignore_ament_install']
[2.356s] Level 1:colcon.colcon_core.package_identification:_identify(bot_one/install) by extension 'ignore'
[2.356s] Level 1:colcon.colcon_core.package_identification:_identify(bot_one/install) ignored
[2.357s] Level 1:colcon.colcon_core.package_identification:_identify(bot_one/log) by extensions ['ignore', 'ignore_ament_install']
[2.357s] Level 1:colcon.colcon_core.package_identification:_identify(bot_one/log) by extension 'ignore'
[2.357s] Level 1:colcon.colcon_core.package_identification:_identify(bot_one/log) ignored
[2.357s] Level 1:colcon.colcon_core.package_identification:_identify(bot_one/src) by extensions ['ignore', 'ignore_ament_install']
[2.357s] Level 1:colcon.colcon_core.package_identification:_identify(bot_one/src) by extension 'ignore'
[2.357s] Level 1:colcon.colcon_core.package_identification:_identify(bot_one/src) by extension 'ignore_ament_install'
[2.357s] Level 1:colcon.colcon_core.package_identification:_identify(bot_one/src) by extensions ['colcon_pkg']
[2.357s] Level 1:colcon.colcon_core.package_identification:_identify(bot_one/src) by extension 'colcon_pkg'
[2.357s] Level 1:colcon.colcon_core.package_identification:_identify(bot_one/src) by extensions ['colcon_meta']
[2.357s] Level 1:colcon.colcon_core.package_identification:_identify(bot_one/src) by extension 'colcon_meta'
[2.358s] Level 1:colcon.colcon_core.package_identification:_identify(bot_one/src) by extensions ['ros']
[2.358s] Level 1:colcon.colcon_core.package_identification:_identify(bot_one/src) by extension 'ros'
[2.358s] Level 1:colcon.colcon_core.package_identification:_identify(bot_one/src) by extensions ['cmake', 'python']
[2.358s] Level 1:colcon.colcon_core.package_identification:_identify(bot_one/src) by extension 'cmake'
[2.358s] Level 1:colcon.colcon_core.package_identification:_identify(bot_one/src) by extension 'python'
[2.358s] Level 1:colcon.colcon_core.package_identification:_identify(bot_one/src) by extensions ['python_setup_py']
[2.358s] Level 1:colcon.colcon_core.package_identification:_identify(bot_one/src) by extension 'python_setup_py'
[2.358s] Level 1:colcon.colcon_core.package_identification:_identify(bot_one/src/bot_one_pkg) by extensions ['ignore', 'ignore_ament_install']
[2.358s] Level 1:colcon.colcon_core.package_identification:_identify(bot_one/src/bot_one_pkg) by extension 'ignore'
[2.358s] Level 1:colcon.colcon_core.package_identification:_identify(bot_one/src/bot_one_pkg) by extension 'ignore_ament_install'
[2.358s] Level 1:colcon.colcon_core.package_identification:_identify(bot_one/src/bot_one_pkg) by extensions ['colcon_pkg']
[2.358s] Level 1:colcon.colcon_core.package_identification:_identify(bot_one/src/bot_one_pkg) by extension 'colcon_pkg'
[2.359s] Level 1:colcon.colcon_core.package_identification:_identify(bot_one/src/bot_one_pkg) by extensions ['colcon_meta']
[2.359s] Level 1:colcon.colcon_core.package_identification:_identify(bot_one/src/bot_one_pkg) by extension 'colcon_meta'
[2.359s] Level 1:colcon.colcon_core.package_identification:_identify(bot_one/src/bot_one_pkg) by extensions ['ros']
[2.359s] Level 1:colcon.colcon_core.package_identification:_identify(bot_one/src/bot_one_pkg) by extension 'ros'
[2.363s] DEBUG:colcon.colcon_core.package_identification:Package 'bot_one/src/bot_one_pkg' with type 'ros.ament_cmake' and name 'bot_one_pkg'
[2.363s] Level 1:colcon.colcon_core.package_identification:_identify(build) by extensions ['ignore', 'ignore_ament_install']
[2.363s] Level 1:colcon.colcon_core.package_identification:_identify(build) by extension 'ignore'
[2.364s] Level 1:colcon.colcon_core.package_identification:_identify(build) ignored
[2.364s] Level 1:colcon.colcon_core.package_identification:_identify(install) by extensions ['ignore', 'ignore_ament_install']
[2.364s] Level 1:colcon.colcon_core.package_identification:_identify(install) by extension 'ignore'
[2.364s] Level 1:colcon.colcon_core.package_identification:_identify(install) ignored
[2.364s] Level 1:colcon.colcon_core.package_identification:_identify(log) by extensions ['ignore', 'ignore_ament_install']
[2.364s] Level 1:colcon.colcon_core.package_identification:_identify(log) by extension 'ignore'
[2.364s] Level 1:colcon.colcon_core.package_identification:_identify(log) ignored
[2.365s] Level 1:colcon.colcon_core.package_discovery:discover_packages(recursive) using defaults
[2.365s] Level 1:colcon.colcon_core.package_discovery:discover_packages(ignore) discover
[2.365s] Level 1:colcon.colcon_core.package_discovery:discover_packages(ignore) using defaults
[2.365s] Level 1:colcon.colcon_core.package_discovery:discover_packages(path) discover
[2.365s] Level 1:colcon.colcon_core.package_discovery:discover_packages(path) using defaults
[2.511s] Level 1:colcon.colcon_core.package_discovery:discover_packages(prefix_path) check parameters
[2.511s] Level 1:colcon.colcon_core.package_discovery:discover_packages(prefix_path) discover
[2.556s] DEBUG:colcon.colcon_installed_package_information.package_discovery:Found 1 installed packages in /home/devinhenkel/ros_workspace/install
[2.577s] DEBUG:colcon.colcon_installed_package_information.package_discovery:Found 1 installed packages in /home/devinhenkel/ros_workspace/bot_one/install
[2.602s] DEBUG:colcon.colcon_installed_package_information.package_discovery:Found 270 installed packages in /opt/ros/humble
[2.603s] Level 1:colcon.colcon_core.package_discovery:discover_packages(prefix_path) using defaults
[2.737s] Level 5:colcon.colcon_core.verb:set package 'bot_one_pkg' build argument 'cmake_args' from command line to 'None'
[2.737s] Level 5:colcon.colcon_core.verb:set package 'bot_one_pkg' build argument 'cmake_target' from command line to 'None'
[2.737s] Level 5:colcon.colcon_core.verb:set package 'bot_one_pkg' build argument 'cmake_target_skip_unavailable' from command line to 'False'
[2.738s] Level 5:colcon.colcon_core.verb:set package 'bot_one_pkg' build argument 'cmake_clean_cache' from command line to 'False'
[2.738s] Level 5:colcon.colcon_core.verb:set package 'bot_one_pkg' build argument 'cmake_clean_first' from command line to 'False'
[2.738s] Level 5:colcon.colcon_core.verb:set package 'bot_one_pkg' build argument 'cmake_force_configure' from command line to 'False'
[2.738s] Level 5:colcon.colcon_core.verb:set package 'bot_one_pkg' build argument 'ament_cmake_args' from command line to 'None'
[2.738s] Level 5:colcon.colcon_core.verb:set package 'bot_one_pkg' build argument 'catkin_cmake_args' from command line to 'None'
[2.738s] Level 5:colcon.colcon_core.verb:set package 'bot_one_pkg' build argument 'catkin_skip_building_tests' from command line to 'False'
[2.738s] DEBUG:colcon.colcon_core.verb:Building package 'bot_one_pkg' with the following arguments: {'ament_cmake_args': None, 'build_base': '/home/devinhenkel/ros_workspace/build/bot_one_pkg', 'catkin_cmake_args': None, 'catkin_skip_building_tests': False, 'cmake_args': None, 'cmake_clean_cache': False, 'cmake_clean_first': False, 'cmake_force_configure': False, 'cmake_target': None, 'cmake_target_skip_unavailable': False, 'install_base': '/home/devinhenkel/ros_workspace/install/bot_one_pkg', 'merge_install': False, 'path': '/home/devinhenkel/ros_workspace/bot_one/src/bot_one_pkg', 'symlink_install': True, 'test_result_base': None}
[2.760s] INFO:colcon.colcon_core.executor:Executing jobs using 'parallel' executor
[2.783s] DEBUG:colcon.colcon_parallel_executor.executor.parallel:run_until_complete
[2.783s] INFO:colcon.colcon_ros.task.ament_cmake.build:Building ROS package in '/home/devinhenkel/ros_workspace/bot_one/src/bot_one_pkg' with build type 'ament_cmake'
[2.783s] INFO:colcon.colcon_cmake.task.cmake.build:Building CMake package in '/home/devinhenkel/ros_workspace/bot_one/src/bot_one_pkg'
[2.844s] INFO:colcon.colcon_core.plugin_system:Skipping extension 'colcon_core.shell.bat': Not used on non-Windows systems
[2.845s] INFO:colcon.colcon_core.shell:Skip shell extension 'powershell' for command environment: Not usable outside of PowerShell
[2.846s] DEBUG:colcon.colcon_core.shell:Skip shell extension 'dsv' for command environment
[3.049s] DEBUG:colcon.colcon_core.event_handler.log_command:Invoking command in '/home/devinhenkel/ros_workspace/build/bot_one_pkg': CMAKE_PREFIX_PATH=${CMAKE_PREFIX_PATH}:/opt/ros/humble /usr/bin/cmake /home/devinhenkel/ros_workspace/bot_one/src/bot_one_pkg -DAMENT_CMAKE_SYMLINK_INSTALL=1 -DCMAKE_INSTALL_PREFIX=/home/devinhenkel/ros_workspace/install/bot_one_pkg
[3.693s] DEBUG:colcon.colcon_core.event_handler.log_command:Invoked command in '/home/devinhenkel/ros_workspace/build/bot_one_pkg' returned '0': CMAKE_PREFIX_PATH=${CMAKE_PREFIX_PATH}:/opt/ros/humble /usr/bin/cmake /home/devinhenkel/ros_workspace/bot_one/src/bot_one_pkg -DAMENT_CMAKE_SYMLINK_INSTALL=1 -DCMAKE_INSTALL_PREFIX=/home/devinhenkel/ros_workspace/install/bot_one_pkg
[3.696s] DEBUG:colcon.colcon_core.event_handler.log_command:Invoking command in '/home/devinhenkel/ros_workspace/build/bot_one_pkg': CMAKE_PREFIX_PATH=${CMAKE_PREFIX_PATH}:/opt/ros/humble /usr/bin/cmake --build /home/devinhenkel/ros_workspace/build/bot_one_pkg -- -j4 -l4
[4.429s] DEBUG:colcon.colcon_core.event_handler.log_command:Invoked command in '/home/devinhenkel/ros_workspace/build/bot_one_pkg' returned '0': CMAKE_PREFIX_PATH=${CMAKE_PREFIX_PATH}:/opt/ros/humble /usr/bin/cmake --build /home/devinhenkel/ros_workspace/build/bot_one_pkg -- -j4 -l4
[4.495s] DEBUG:colcon.colcon_core.event_handler.log_command:Invoking command in '/home/devinhenkel/ros_workspace/build/bot_one_pkg': CMAKE_PREFIX_PATH=${CMAKE_PREFIX_PATH}:/opt/ros/humble /usr/bin/cmake --install /home/devinhenkel/ros_workspace/build/bot_one_pkg
[4.605s] Level 1:colcon.colcon_core.environment:create_environment_scripts_only(bot_one_pkg)
[4.606s] DEBUG:colcon.colcon_core.event_handler.log_command:Invoked command in '/home/devinhenkel/ros_workspace/build/bot_one_pkg' returned '0': CMAKE_PREFIX_PATH=${CMAKE_PREFIX_PATH}:/opt/ros/humble /usr/bin/cmake --install /home/devinhenkel/ros_workspace/build/bot_one_pkg
[4.644s] Level 1:colcon.colcon_core.environment:checking '/home/devinhenkel/ros_workspace/install/bot_one_pkg' for CMake module files
[4.645s] Level 1:colcon.colcon_core.environment:checking '/home/devinhenkel/ros_workspace/install/bot_one_pkg' for CMake config files
[4.646s] Level 1:colcon.colcon_core.shell:create_environment_hook('bot_one_pkg', 'cmake_prefix_path')
[4.682s] INFO:colcon.colcon_core.shell:Creating environment hook '/home/devinhenkel/ros_workspace/install/bot_one_pkg/share/bot_one_pkg/hook/cmake_prefix_path.ps1'
[4.683s] INFO:colcon.colcon_core.shell:Creating environment descriptor '/home/devinhenkel/ros_workspace/install/bot_one_pkg/share/bot_one_pkg/hook/cmake_prefix_path.dsv'
[4.683s] INFO:colcon.colcon_core.shell:Creating environment hook '/home/devinhenkel/ros_workspace/install/bot_one_pkg/share/bot_one_pkg/hook/cmake_prefix_path.sh'
[4.687s] Level 1:colcon.colcon_core.environment:checking '/home/devinhenkel/ros_workspace/install/bot_one_pkg/lib'
[4.687s] Level 1:colcon.colcon_core.environment:checking '/home/devinhenkel/ros_workspace/install/bot_one_pkg/bin'
[4.687s] Level 1:colcon.colcon_core.environment:checking '/home/devinhenkel/ros_workspace/install/bot_one_pkg/lib/pkgconfig/bot_one_pkg.pc'
[4.688s] Level 1:colcon.colcon_core.environment:checking '/home/devinhenkel/ros_workspace/install/bot_one_pkg/lib/python3.10/site-packages'
[4.688s] Level 1:colcon.colcon_core.environment:checking '/home/devinhenkel/ros_workspace/install/bot_one_pkg/bin'
[4.723s] INFO:colcon.colcon_core.shell:Creating package script '/home/devinhenkel/ros_workspace/install/bot_one_pkg/share/bot_one_pkg/package.ps1'
[4.724s] INFO:colcon.colcon_core.shell:Creating package descriptor '/home/devinhenkel/ros_workspace/install/bot_one_pkg/share/bot_one_pkg/package.dsv'
[4.725s] INFO:colcon.colcon_core.shell:Creating package script '/home/devinhenkel/ros_workspace/install/bot_one_pkg/share/bot_one_pkg/package.sh'
[4.728s] INFO:colcon.colcon_core.shell:Creating package script '/home/devinhenkel/ros_workspace/install/bot_one_pkg/share/bot_one_pkg/package.bash'
[4.730s] INFO:colcon.colcon_core.shell:Creating package script '/home/devinhenkel/ros_workspace/install/bot_one_pkg/share/bot_one_pkg/package.zsh'
[4.732s] Level 1:colcon.colcon_core.environment:create_file_with_runtime_dependencies(/home/devinhenkel/ros_workspace/install/bot_one_pkg/share/colcon-core/packages/bot_one_pkg)
[4.806s] Level 1:colcon.colcon_core.environment:create_environment_scripts_only(bot_one_pkg)
[4.840s] Level 1:colcon.colcon_core.environment:checking '/home/devinhenkel/ros_workspace/install/bot_one_pkg' for CMake module files
[4.841s] Level 1:colcon.colcon_core.environment:checking '/home/devinhenkel/ros_workspace/install/bot_one_pkg' for CMake config files
[4.842s] Level 1:colcon.colcon_core.shell:create_environment_hook('bot_one_pkg', 'cmake_prefix_path')
[4.889s] INFO:colcon.colcon_core.shell:Creating environment hook '/home/devinhenkel/ros_workspace/install/bot_one_pkg/share/bot_one_pkg/hook/cmake_prefix_path.ps1'
[4.890s] INFO:colcon.colcon_core.shell:Creating environment descriptor '/home/devinhenkel/ros_workspace/install/bot_one_pkg/share/bot_one_pkg/hook/cmake_prefix_path.dsv'
[4.891s] INFO:colcon.colcon_core.shell:Creating environment hook '/home/devinhenkel/ros_workspace/install/bot_one_pkg/share/bot_one_pkg/hook/cmake_prefix_path.sh'
[4.893s] Level 1:colcon.colcon_core.environment:checking '/home/devinhenkel/ros_workspace/install/bot_one_pkg/lib'
[4.893s] Level 1:colcon.colcon_core.environment:checking '/home/devinhenkel/ros_workspace/install/bot_one_pkg/bin'
[4.894s] Level 1:colcon.colcon_core.environment:checking '/home/devinhenkel/ros_workspace/install/bot_one_pkg/lib/pkgconfig/bot_one_pkg.pc'
[4.894s] Level 1:colcon.colcon_core.environment:checking '/home/devinhenkel/ros_workspace/install/bot_one_pkg/lib/python3.10/site-packages'
[4.895s] Level 1:colcon.colcon_core.environment:checking '/home/devinhenkel/ros_workspace/install/bot_one_pkg/bin'
[4.930s] INFO:colcon.colcon_core.shell:Creating package script '/home/devinhenkel/ros_workspace/install/bot_one_pkg/share/bot_one_pkg/package.ps1'
[4.932s] INFO:colcon.colcon_core.shell:Creating package descriptor '/home/devinhenkel/ros_workspace/install/bot_one_pkg/share/bot_one_pkg/package.dsv'
[4.933s] INFO:colcon.colcon_core.shell:Creating package script '/home/devinhenkel/ros_workspace/install/bot_one_pkg/share/bot_one_pkg/package.sh'
[4.934s] INFO:colcon.colcon_core.shell:Creating package script '/home/devinhenkel/ros_workspace/install/bot_one_pkg/share/bot_one_pkg/package.bash'
[4.936s] INFO:colcon.colcon_core.shell:Creating package script '/home/devinhenkel/ros_workspace/install/bot_one_pkg/share/bot_one_pkg/package.zsh'
[4.938s] Level 1:colcon.colcon_core.environment:create_file_with_runtime_dependencies(/home/devinhenkel/ros_workspace/install/bot_one_pkg/share/colcon-core/packages/bot_one_pkg)
[4.939s] DEBUG:colcon.colcon_parallel_executor.executor.parallel:closing loop
[4.940s] DEBUG:colcon.colcon_parallel_executor.executor.parallel:loop closed
[4.940s] DEBUG:colcon.colcon_parallel_executor.executor.parallel:run_until_complete finished with '0'
[4.941s] DEBUG:colcon.colcon_core.event_reactor:joining thread
[4.981s] INFO:colcon.colcon_core.plugin_system:Skipping extension 'colcon_notification.desktop_notification.terminal_notifier': Not used on non-Darwin systems
[4.981s] INFO:colcon.colcon_core.plugin_system:Skipping extension 'colcon_notification.desktop_notification.win32': Not used on non-Windows systems
[4.982s] INFO:colcon.colcon_notification.desktop_notification:Sending desktop notification using 'notify2'
[5.009s] DEBUG:colcon.colcon_core.event_reactor:joined thread
[5.054s] INFO:colcon.colcon_core.shell:Creating prefix script '/home/devinhenkel/ros_workspace/install/local_setup.ps1'
[5.055s] INFO:colcon.colcon_core.shell:Creating prefix util module '/home/devinhenkel/ros_workspace/install/_local_setup_util_ps1.py'
[5.060s] INFO:colcon.colcon_core.shell:Creating prefix chain script '/home/devinhenkel/ros_workspace/install/setup.ps1'
[5.099s] INFO:colcon.colcon_core.shell:Creating prefix script '/home/devinhenkel/ros_workspace/install/local_setup.sh'
[5.100s] INFO:colcon.colcon_core.shell:Creating prefix util module '/home/devinhenkel/ros_workspace/install/_local_setup_util_sh.py'
[5.101s] INFO:colcon.colcon_core.shell:Creating prefix chain script '/home/devinhenkel/ros_workspace/install/setup.sh'
[5.140s] INFO:colcon.colcon_core.shell:Creating prefix script '/home/devinhenkel/ros_workspace/install/local_setup.bash'
[5.141s] INFO:colcon.colcon_core.shell:Creating prefix chain script '/home/devinhenkel/ros_workspace/install/setup.bash'
[5.185s] INFO:colcon.colcon_core.shell:Creating prefix script '/home/devinhenkel/ros_workspace/install/local_setup.zsh'
[5.186s] INFO:colcon.colcon_core.shell:Creating prefix chain script '/home/devinhenkel/ros_workspace/install/setup.zsh'
