[2.900s] DEBUG:colcon:Command line arguments: ['/usr/bin/colcon', 'build', '--symlink-install']
[2.900s] DEBUG:colcon:Parsed command line arguments: Namespace(log_base=None, log_level=None, verb_name='build', build_base='build', install_base='install', merge_install=False, symlink_install=True, test_result_base=None, continue_on_error=False, executor='parallel', parallel_workers=4, event_handlers=None, ignore_user_meta=False, metas=['./colcon.meta'], base_paths=['.'], packages_ignore=None, packages_ignore_regex=None, paths=None, packages_up_to=None, packages_up_to_regex=None, packages_above=None, packages_above_and_dependencies=None, packages_above_depth=None, packages_select_by_dep=None, packages_skip_by_dep=None, packages_skip_up_to=None, packages_select_build_failed=False, packages_skip_build_finished=False, packages_select_test_failures=False, packages_skip_test_passed=False, packages_select=None, packages_skip=None, packages_select_regex=None, packages_skip_regex=None, packages_start=None, packages_end=None, allow_overriding=[], cmake_args=None, cmake_target=None, cmake_target_skip_unavailable=False, cmake_clean_cache=False, cmake_clean_first=False, cmake_force_configure=False, ament_cmake_args=None, catkin_cmake_args=None, catkin_skip_building_tests=False, verb_parser=<colcon_defaults.argument_parser.defaults.DefaultArgumentsDecorator object at 0x7feea99d0a60>, verb_extension=<colcon_core.verb.build.BuildVerb object at 0x7feea99d0b50>, main=<bound method BuildVerb.main of <colcon_core.verb.build.BuildVerb object at 0x7feea99d0b50>>)
[3.042s] Level 1:colcon.colcon_core.package_discovery:discover_packages(colcon_meta) check parameters
[3.042s] Level 1:colcon.colcon_core.package_discovery:discover_packages(recursive) check parameters
[3.043s] Level 1:colcon.colcon_core.package_discovery:discover_packages(ignore) check parameters
[3.043s] Level 1:colcon.colcon_core.package_discovery:discover_packages(path) check parameters
[3.043s] Level 1:colcon.colcon_core.package_discovery:discover_packages(colcon_meta) discover
[3.043s] Level 1:colcon.colcon_core.package_discovery:discover_packages(recursive) discover
[3.043s] INFO:colcon.colcon_core.package_discovery:Crawling recursively for packages in '/home/devinhenkel/ros_workspace'
[3.044s] Level 1:colcon.colcon_core.package_identification:_identify(.) by extensions ['ignore', 'ignore_ament_install']
[3.044s] Level 1:colcon.colcon_core.package_identification:_identify(.) by extension 'ignore'
[3.044s] Level 1:colcon.colcon_core.package_identification:_identify(.) by extension 'ignore_ament_install'
[3.044s] Level 1:colcon.colcon_core.package_identification:_identify(.) by extensions ['colcon_pkg']
[3.044s] Level 1:colcon.colcon_core.package_identification:_identify(.) by extension 'colcon_pkg'
[3.044s] Level 1:colcon.colcon_core.package_identification:_identify(.) by extensions ['colcon_meta']
[3.045s] Level 1:colcon.colcon_core.package_identification:_identify(.) by extension 'colcon_meta'
[3.045s] Level 1:colcon.colcon_core.package_identification:_identify(.) by extensions ['ros']
[3.045s] Level 1:colcon.colcon_core.package_identification:_identify(.) by extension 'ros'
[3.071s] Level 1:colcon.colcon_core.package_identification:_identify(.) by extensions ['cmake', 'python']
[3.071s] Level 1:colcon.colcon_core.package_identification:_identify(.) by extension 'cmake'
[3.071s] Level 1:colcon.colcon_core.package_identification:_identify(.) by extension 'python'
[3.071s] Level 1:colcon.colcon_core.package_identification:_identify(.) by extensions ['python_setup_py']
[3.071s] Level 1:colcon.colcon_core.package_identification:_identify(.) by extension 'python_setup_py'
[3.072s] Level 1:colcon.colcon_core.package_identification:_identify(bot_one) by extensions ['ignore', 'ignore_ament_install']
[3.072s] Level 1:colcon.colcon_core.package_identification:_identify(bot_one) by extension 'ignore'
[3.072s] Level 1:colcon.colcon_core.package_identification:_identify(bot_one) by extension 'ignore_ament_install'
[3.072s] Level 1:colcon.colcon_core.package_identification:_identify(bot_one) by extensions ['colcon_pkg']
[3.072s] Level 1:colcon.colcon_core.package_identification:_identify(bot_one) by extension 'colcon_pkg'
[3.072s] Level 1:colcon.colcon_core.package_identification:_identify(bot_one) by extensions ['colcon_meta']
[3.072s] Level 1:colcon.colcon_core.package_identification:_identify(bot_one) by extension 'colcon_meta'
[3.073s] Level 1:colcon.colcon_core.package_identification:_identify(bot_one) by extensions ['ros']
[3.073s] Level 1:colcon.colcon_core.package_identification:_identify(bot_one) by extension 'ros'
[3.073s] Level 1:colcon.colcon_core.package_identification:_identify(bot_one) by extensions ['cmake', 'python']
[3.073s] Level 1:colcon.colcon_core.package_identification:_identify(bot_one) by extension 'cmake'
[3.073s] Level 1:colcon.colcon_core.package_identification:_identify(bot_one) by extension 'python'
[3.073s] Level 1:colcon.colcon_core.package_identification:_identify(bot_one) by extensions ['python_setup_py']
[3.073s] Level 1:colcon.colcon_core.package_identification:_identify(bot_one) by extension 'python_setup_py'
[3.073s] Level 1:colcon.colcon_core.package_identification:_identify(bot_one/build) by extensions ['ignore', 'ignore_ament_install']
[3.073s] Level 1:colcon.colcon_core.package_identification:_identify(bot_one/build) by extension 'ignore'
[3.074s] Level 1:colcon.colcon_core.package_identification:_identify(bot_one/build) ignored
[3.074s] Level 1:colcon.colcon_core.package_identification:_identify(bot_one/install) by extensions ['ignore', 'ignore_ament_install']
[3.074s] Level 1:colcon.colcon_core.package_identification:_identify(bot_one/install) by extension 'ignore'
[3.074s] Level 1:colcon.colcon_core.package_identification:_identify(bot_one/install) ignored
[3.074s] Level 1:colcon.colcon_core.package_identification:_identify(bot_one/log) by extensions ['ignore', 'ignore_ament_install']
[3.074s] Level 1:colcon.colcon_core.package_identification:_identify(bot_one/log) by extension 'ignore'
[3.075s] Level 1:colcon.colcon_core.package_identification:_identify(bot_one/log) ignored
[3.076s] Level 1:colcon.colcon_core.package_identification:_identify(bot_one/src) by extensions ['ignore', 'ignore_ament_install']
[3.077s] Level 1:colcon.colcon_core.package_identification:_identify(bot_one/src) by extension 'ignore'
[3.078s] Level 1:colcon.colcon_core.package_identification:_identify(bot_one/src) by extension 'ignore_ament_install'
[3.078s] Level 1:colcon.colcon_core.package_identification:_identify(bot_one/src) by extensions ['colcon_pkg']
[3.078s] Level 1:colcon.colcon_core.package_identification:_identify(bot_one/src) by extension 'colcon_pkg'
[3.079s] Level 1:colcon.colcon_core.package_identification:_identify(bot_one/src) by extensions ['colcon_meta']
[3.079s] Level 1:colcon.colcon_core.package_identification:_identify(bot_one/src) by extension 'colcon_meta'
[3.079s] Level 1:colcon.colcon_core.package_identification:_identify(bot_one/src) by extensions ['ros']
[3.079s] Level 1:colcon.colcon_core.package_identification:_identify(bot_one/src) by extension 'ros'
[3.079s] Level 1:colcon.colcon_core.package_identification:_identify(bot_one/src) by extensions ['cmake', 'python']
[3.079s] Level 1:colcon.colcon_core.package_identification:_identify(bot_one/src) by extension 'cmake'
[3.080s] Level 1:colcon.colcon_core.package_identification:_identify(bot_one/src) by extension 'python'
[3.080s] Level 1:colcon.colcon_core.package_identification:_identify(bot_one/src) by extensions ['python_setup_py']
[3.080s] Level 1:colcon.colcon_core.package_identification:_identify(bot_one/src) by extension 'python_setup_py'
[3.080s] Level 1:colcon.colcon_core.package_identification:_identify(bot_one/src/bot_one_pkg) by extensions ['ignore', 'ignore_ament_install']
[3.081s] Level 1:colcon.colcon_core.package_identification:_identify(bot_one/src/bot_one_pkg) by extension 'ignore'
[3.081s] Level 1:colcon.colcon_core.package_identification:_identify(bot_one/src/bot_one_pkg) by extension 'ignore_ament_install'
[3.081s] Level 1:colcon.colcon_core.package_identification:_identify(bot_one/src/bot_one_pkg) by extensions ['colcon_pkg']
[3.081s] Level 1:colcon.colcon_core.package_identification:_identify(bot_one/src/bot_one_pkg) by extension 'colcon_pkg'
[3.082s] Level 1:colcon.colcon_core.package_identification:_identify(bot_one/src/bot_one_pkg) by extensions ['colcon_meta']
[3.082s] Level 1:colcon.colcon_core.package_identification:_identify(bot_one/src/bot_one_pkg) by extension 'colcon_meta'
[3.082s] Level 1:colcon.colcon_core.package_identification:_identify(bot_one/src/bot_one_pkg) by extensions ['ros']
[3.082s] Level 1:colcon.colcon_core.package_identification:_identify(bot_one/src/bot_one_pkg) by extension 'ros'
[3.088s] DEBUG:colcon.colcon_core.package_identification:Package 'bot_one/src/bot_one_pkg' with type 'ros.ament_cmake' and name 'bot_one_pkg'
[3.088s] Level 1:colcon.colcon_core.package_identification:_identify(build) by extensions ['ignore', 'ignore_ament_install']
[3.089s] Level 1:colcon.colcon_core.package_identification:_identify(build) by extension 'ignore'
[3.089s] Level 1:colcon.colcon_core.package_identification:_identify(build) ignored
[3.089s] Level 1:colcon.colcon_core.package_identification:_identify(install) by extensions ['ignore', 'ignore_ament_install']
[3.090s] Level 1:colcon.colcon_core.package_identification:_identify(install) by extension 'ignore'
[3.090s] Level 1:colcon.colcon_core.package_identification:_identify(install) ignored
[3.090s] Level 1:colcon.colcon_core.package_identification:_identify(log) by extensions ['ignore', 'ignore_ament_install']
[3.090s] Level 1:colcon.colcon_core.package_identification:_identify(log) by extension 'ignore'
[3.090s] Level 1:colcon.colcon_core.package_identification:_identify(log) ignored
[3.091s] Level 1:colcon.colcon_core.package_discovery:discover_packages(recursive) using defaults
[3.091s] Level 1:colcon.colcon_core.package_discovery:discover_packages(ignore) discover
[3.091s] Level 1:colcon.colcon_core.package_discovery:discover_packages(ignore) using defaults
[3.091s] Level 1:colcon.colcon_core.package_discovery:discover_packages(path) discover
[3.091s] Level 1:colcon.colcon_core.package_discovery:discover_packages(path) using defaults
[3.335s] Level 1:colcon.colcon_core.package_discovery:discover_packages(prefix_path) check parameters
[3.335s] Level 1:colcon.colcon_core.package_discovery:discover_packages(prefix_path) discover
[3.427s] DEBUG:colcon.colcon_installed_package_information.package_discovery:Found 1 installed packages in /home/devinhenkel/ros_workspace/install
[3.470s] DEBUG:colcon.colcon_installed_package_information.package_discovery:Found 1 installed packages in /home/devinhenkel/ros_workspace/bot_one/install
[3.526s] DEBUG:colcon.colcon_installed_package_information.package_discovery:Found 270 installed packages in /opt/ros/humble
[3.531s] Level 1:colcon.colcon_core.package_discovery:discover_packages(prefix_path) using defaults
[3.937s] Level 5:colcon.colcon_core.verb:set package 'bot_one_pkg' build argument 'cmake_args' from command line to 'None'
[3.938s] Level 5:colcon.colcon_core.verb:set package 'bot_one_pkg' build argument 'cmake_target' from command line to 'None'
[3.938s] Level 5:colcon.colcon_core.verb:set package 'bot_one_pkg' build argument 'cmake_target_skip_unavailable' from command line to 'False'
[3.938s] Level 5:colcon.colcon_core.verb:set package 'bot_one_pkg' build argument 'cmake_clean_cache' from command line to 'False'
[3.938s] Level 5:colcon.colcon_core.verb:set package 'bot_one_pkg' build argument 'cmake_clean_first' from command line to 'False'
[3.938s] Level 5:colcon.colcon_core.verb:set package 'bot_one_pkg' build argument 'cmake_force_configure' from command line to 'False'
[3.938s] Level 5:colcon.colcon_core.verb:set package 'bot_one_pkg' build argument 'ament_cmake_args' from command line to 'None'
[3.938s] Level 5:colcon.colcon_core.verb:set package 'bot_one_pkg' build argument 'catkin_cmake_args' from command line to 'None'
[3.938s] Level 5:colcon.colcon_core.verb:set package 'bot_one_pkg' build argument 'catkin_skip_building_tests' from command line to 'False'
[3.938s] DEBUG:colcon.colcon_core.verb:Building package 'bot_one_pkg' with the following arguments: {'ament_cmake_args': None, 'build_base': '/home/devinhenkel/ros_workspace/build/bot_one_pkg', 'catkin_cmake_args': None, 'catkin_skip_building_tests': False, 'cmake_args': None, 'cmake_clean_cache': False, 'cmake_clean_first': False, 'cmake_force_configure': False, 'cmake_target': None, 'cmake_target_skip_unavailable': False, 'install_base': '/home/devinhenkel/ros_workspace/install/bot_one_pkg', 'merge_install': False, 'path': '/home/devinhenkel/ros_workspace/bot_one/src/bot_one_pkg', 'symlink_install': True, 'test_result_base': None}
[3.977s] INFO:colcon.colcon_core.executor:Executing jobs using 'parallel' executor
[4.028s] DEBUG:colcon.colcon_parallel_executor.executor.parallel:run_until_complete
[4.029s] INFO:colcon.colcon_ros.task.ament_cmake.build:Building ROS package in '/home/devinhenkel/ros_workspace/bot_one/src/bot_one_pkg' with build type 'ament_cmake'
[4.030s] INFO:colcon.colcon_cmake.task.cmake.build:Building CMake package in '/home/devinhenkel/ros_workspace/bot_one/src/bot_one_pkg'
[4.106s] INFO:colcon.colcon_core.plugin_system:Skipping extension 'colcon_core.shell.bat': Not used on non-Windows systems
[4.107s] INFO:colcon.colcon_core.shell:Skip shell extension 'powershell' for command environment: Not usable outside of PowerShell
[4.107s] DEBUG:colcon.colcon_core.shell:Skip shell extension 'dsv' for command environment
[4.372s] DEBUG:colcon.colcon_core.event_handler.log_command:Invoking command in '/home/devinhenkel/ros_workspace/build/bot_one_pkg': CMAKE_PREFIX_PATH=${CMAKE_PREFIX_PATH}:/opt/ros/humble /usr/bin/cmake --build /home/devinhenkel/ros_workspace/build/bot_one_pkg -- -j4 -l4
[5.764s] DEBUG:colcon.colcon_core.event_handler.log_command:Invoked command in '/home/devinhenkel/ros_workspace/build/bot_one_pkg' returned '0': CMAKE_PREFIX_PATH=${CMAKE_PREFIX_PATH}:/opt/ros/humble /usr/bin/cmake --build /home/devinhenkel/ros_workspace/build/bot_one_pkg -- -j4 -l4
[5.854s] DEBUG:colcon.colcon_core.event_handler.log_command:Invoking command in '/home/devinhenkel/ros_workspace/build/bot_one_pkg': CMAKE_PREFIX_PATH=${CMAKE_PREFIX_PATH}:/opt/ros/humble /usr/bin/cmake --install /home/devinhenkel/ros_workspace/build/bot_one_pkg
[6.083s] Level 1:colcon.colcon_core.environment:create_environment_scripts_only(bot_one_pkg)
[6.089s] DEBUG:colcon.colcon_core.event_handler.log_command:Invoked command in '/home/devinhenkel/ros_workspace/build/bot_one_pkg' returned '0': CMAKE_PREFIX_PATH=${CMAKE_PREFIX_PATH}:/opt/ros/humble /usr/bin/cmake --install /home/devinhenkel/ros_workspace/build/bot_one_pkg
[6.144s] Level 1:colcon.colcon_core.environment:checking '/home/devinhenkel/ros_workspace/install/bot_one_pkg' for CMake module files
[6.145s] Level 1:colcon.colcon_core.environment:checking '/home/devinhenkel/ros_workspace/install/bot_one_pkg' for CMake config files
[6.146s] Level 1:colcon.colcon_core.shell:create_environment_hook('bot_one_pkg', 'cmake_prefix_path')
[6.214s] INFO:colcon.colcon_core.shell:Creating environment hook '/home/devinhenkel/ros_workspace/install/bot_one_pkg/share/bot_one_pkg/hook/cmake_prefix_path.ps1'
[6.217s] INFO:colcon.colcon_core.shell:Creating environment descriptor '/home/devinhenkel/ros_workspace/install/bot_one_pkg/share/bot_one_pkg/hook/cmake_prefix_path.dsv'
[6.219s] INFO:colcon.colcon_core.shell:Creating environment hook '/home/devinhenkel/ros_workspace/install/bot_one_pkg/share/bot_one_pkg/hook/cmake_prefix_path.sh'
[6.223s] Level 1:colcon.colcon_core.environment:checking '/home/devinhenkel/ros_workspace/install/bot_one_pkg/lib'
[6.224s] Level 1:colcon.colcon_core.environment:checking '/home/devinhenkel/ros_workspace/install/bot_one_pkg/bin'
[6.224s] Level 1:colcon.colcon_core.environment:checking '/home/devinhenkel/ros_workspace/install/bot_one_pkg/lib/pkgconfig/bot_one_pkg.pc'
[6.225s] Level 1:colcon.colcon_core.environment:checking '/home/devinhenkel/ros_workspace/install/bot_one_pkg/lib/python3.10/site-packages'
[6.226s] Level 1:colcon.colcon_core.environment:checking '/home/devinhenkel/ros_workspace/install/bot_one_pkg/bin'
[6.295s] INFO:colcon.colcon_core.shell:Creating package script '/home/devinhenkel/ros_workspace/install/bot_one_pkg/share/bot_one_pkg/package.ps1'
[6.297s] INFO:colcon.colcon_core.shell:Creating package descriptor '/home/devinhenkel/ros_workspace/install/bot_one_pkg/share/bot_one_pkg/package.dsv'
[6.298s] INFO:colcon.colcon_core.shell:Creating package script '/home/devinhenkel/ros_workspace/install/bot_one_pkg/share/bot_one_pkg/package.sh'
[6.300s] INFO:colcon.colcon_core.shell:Creating package script '/home/devinhenkel/ros_workspace/install/bot_one_pkg/share/bot_one_pkg/package.bash'
[6.302s] INFO:colcon.colcon_core.shell:Creating package script '/home/devinhenkel/ros_workspace/install/bot_one_pkg/share/bot_one_pkg/package.zsh'
[6.304s] Level 1:colcon.colcon_core.environment:create_file_with_runtime_dependencies(/home/devinhenkel/ros_workspace/install/bot_one_pkg/share/colcon-core/packages/bot_one_pkg)
[6.423s] Level 1:colcon.colcon_core.environment:create_environment_scripts_only(bot_one_pkg)
[6.486s] Level 1:colcon.colcon_core.environment:checking '/home/devinhenkel/ros_workspace/install/bot_one_pkg' for CMake module files
[6.488s] Level 1:colcon.colcon_core.environment:checking '/home/devinhenkel/ros_workspace/install/bot_one_pkg' for CMake config files
[6.489s] Level 1:colcon.colcon_core.shell:create_environment_hook('bot_one_pkg', 'cmake_prefix_path')
[6.540s] INFO:colcon.colcon_core.shell:Creating environment hook '/home/devinhenkel/ros_workspace/install/bot_one_pkg/share/bot_one_pkg/hook/cmake_prefix_path.ps1'
[6.541s] INFO:colcon.colcon_core.shell:Creating environment descriptor '/home/devinhenkel/ros_workspace/install/bot_one_pkg/share/bot_one_pkg/hook/cmake_prefix_path.dsv'
[6.542s] INFO:colcon.colcon_core.shell:Creating environment hook '/home/devinhenkel/ros_workspace/install/bot_one_pkg/share/bot_one_pkg/hook/cmake_prefix_path.sh'
[6.543s] Level 1:colcon.colcon_core.environment:checking '/home/devinhenkel/ros_workspace/install/bot_one_pkg/lib'
[6.544s] Level 1:colcon.colcon_core.environment:checking '/home/devinhenkel/ros_workspace/install/bot_one_pkg/bin'
[6.544s] Level 1:colcon.colcon_core.environment:checking '/home/devinhenkel/ros_workspace/install/bot_one_pkg/lib/pkgconfig/bot_one_pkg.pc'
[6.544s] Level 1:colcon.colcon_core.environment:checking '/home/devinhenkel/ros_workspace/install/bot_one_pkg/lib/python3.10/site-packages'
[6.545s] Level 1:colcon.colcon_core.environment:checking '/home/devinhenkel/ros_workspace/install/bot_one_pkg/bin'
[6.600s] INFO:colcon.colcon_core.shell:Creating package script '/home/devinhenkel/ros_workspace/install/bot_one_pkg/share/bot_one_pkg/package.ps1'
[6.601s] INFO:colcon.colcon_core.shell:Creating package descriptor '/home/devinhenkel/ros_workspace/install/bot_one_pkg/share/bot_one_pkg/package.dsv'
[6.603s] INFO:colcon.colcon_core.shell:Creating package script '/home/devinhenkel/ros_workspace/install/bot_one_pkg/share/bot_one_pkg/package.sh'
[6.604s] INFO:colcon.colcon_core.shell:Creating package script '/home/devinhenkel/ros_workspace/install/bot_one_pkg/share/bot_one_pkg/package.bash'
[6.605s] INFO:colcon.colcon_core.shell:Creating package script '/home/devinhenkel/ros_workspace/install/bot_one_pkg/share/bot_one_pkg/package.zsh'
[6.606s] Level 1:colcon.colcon_core.environment:create_file_with_runtime_dependencies(/home/devinhenkel/ros_workspace/install/bot_one_pkg/share/colcon-core/packages/bot_one_pkg)
[6.607s] DEBUG:colcon.colcon_parallel_executor.executor.parallel:closing loop
[6.608s] DEBUG:colcon.colcon_parallel_executor.executor.parallel:loop closed
[6.608s] DEBUG:colcon.colcon_parallel_executor.executor.parallel:run_until_complete finished with '0'
[6.608s] DEBUG:colcon.colcon_core.event_reactor:joining thread
[6.709s] INFO:colcon.colcon_core.plugin_system:Skipping extension 'colcon_notification.desktop_notification.terminal_notifier': Not used on non-Darwin systems
[6.709s] INFO:colcon.colcon_core.plugin_system:Skipping extension 'colcon_notification.desktop_notification.win32': Not used on non-Windows systems
[6.709s] INFO:colcon.colcon_notification.desktop_notification:Sending desktop notification using 'notify2'
[6.743s] DEBUG:colcon.colcon_core.event_reactor:joined thread
[6.780s] INFO:colcon.colcon_core.shell:Creating prefix script '/home/devinhenkel/ros_workspace/install/local_setup.ps1'
[6.782s] INFO:colcon.colcon_core.shell:Creating prefix util module '/home/devinhenkel/ros_workspace/install/_local_setup_util_ps1.py'
[6.786s] INFO:colcon.colcon_core.shell:Creating prefix chain script '/home/devinhenkel/ros_workspace/install/setup.ps1'
[6.837s] INFO:colcon.colcon_core.shell:Creating prefix script '/home/devinhenkel/ros_workspace/install/local_setup.sh'
[6.838s] INFO:colcon.colcon_core.shell:Creating prefix util module '/home/devinhenkel/ros_workspace/install/_local_setup_util_sh.py'
[6.840s] INFO:colcon.colcon_core.shell:Creating prefix chain script '/home/devinhenkel/ros_workspace/install/setup.sh'
[6.893s] INFO:colcon.colcon_core.shell:Creating prefix script '/home/devinhenkel/ros_workspace/install/local_setup.bash'
[6.895s] INFO:colcon.colcon_core.shell:Creating prefix chain script '/home/devinhenkel/ros_workspace/install/setup.bash'
[6.945s] INFO:colcon.colcon_core.shell:Creating prefix script '/home/devinhenkel/ros_workspace/install/local_setup.zsh'
[6.946s] INFO:colcon.colcon_core.shell:Creating prefix chain script '/home/devinhenkel/ros_workspace/install/setup.zsh'
