[1.533s] DEBUG:colcon:Command line arguments: ['/usr/bin/colcon', 'build', '--symlink-install']
[1.533s] DEBUG:colcon:Parsed command line arguments: Namespace(log_base=None, log_level=None, verb_name='build', build_base='build', install_base='install', merge_install=False, symlink_install=True, test_result_base=None, continue_on_error=False, executor='parallel', parallel_workers=4, event_handlers=None, ignore_user_meta=False, metas=['./colcon.meta'], base_paths=['.'], packages_ignore=None, packages_ignore_regex=None, paths=None, packages_up_to=None, packages_up_to_regex=None, packages_above=None, packages_above_and_dependencies=None, packages_above_depth=None, packages_select_by_dep=None, packages_skip_by_dep=None, packages_skip_up_to=None, packages_select_build_failed=False, packages_skip_build_finished=False, packages_select_test_failures=False, packages_skip_test_passed=False, packages_select=None, packages_skip=None, packages_select_regex=None, packages_skip_regex=None, packages_start=None, packages_end=None, allow_overriding=[], cmake_args=None, cmake_target=None, cmake_target_skip_unavailable=False, cmake_clean_cache=False, cmake_clean_first=False, cmake_force_configure=False, ament_cmake_args=None, catkin_cmake_args=None, catkin_skip_building_tests=False, verb_parser=<colcon_defaults.argument_parser.defaults.DefaultArgumentsDecorator object at 0x7fc6b118b3a0>, verb_extension=<colcon_core.verb.build.BuildVerb object at 0x7fc6b118a3e0>, main=<bound method BuildVerb.main of <colcon_core.verb.build.BuildVerb object at 0x7fc6b118a3e0>>)
[1.606s] Level 1:colcon.colcon_core.package_discovery:discover_packages(colcon_meta) check parameters
[1.606s] Level 1:colcon.colcon_core.package_discovery:discover_packages(recursive) check parameters
[1.606s] Level 1:colcon.colcon_core.package_discovery:discover_packages(ignore) check parameters
[1.606s] Level 1:colcon.colcon_core.package_discovery:discover_packages(path) check parameters
[1.606s] Level 1:colcon.colcon_core.package_discovery:discover_packages(colcon_meta) discover
[1.606s] Level 1:colcon.colcon_core.package_discovery:discover_packages(recursive) discover
[1.606s] INFO:colcon.colcon_core.package_discovery:Crawling recursively for packages in '/home/devinhenkel/ros_workspace'
[1.606s] Level 1:colcon.colcon_core.package_identification:_identify(.) by extensions ['ignore', 'ignore_ament_install']
[1.607s] Level 1:colcon.colcon_core.package_identification:_identify(.) by extension 'ignore'
[1.607s] Level 1:colcon.colcon_core.package_identification:_identify(.) by extension 'ignore_ament_install'
[1.607s] Level 1:colcon.colcon_core.package_identification:_identify(.) by extensions ['colcon_pkg']
[1.607s] Level 1:colcon.colcon_core.package_identification:_identify(.) by extension 'colcon_pkg'
[1.607s] Level 1:colcon.colcon_core.package_identification:_identify(.) by extensions ['colcon_meta']
[1.607s] Level 1:colcon.colcon_core.package_identification:_identify(.) by extension 'colcon_meta'
[1.607s] Level 1:colcon.colcon_core.package_identification:_identify(.) by extensions ['ros']
[1.607s] Level 1:colcon.colcon_core.package_identification:_identify(.) by extension 'ros'
[1.627s] Level 1:colcon.colcon_core.package_identification:_identify(.) by extensions ['cmake', 'python']
[1.627s] Level 1:colcon.colcon_core.package_identification:_identify(.) by extension 'cmake'
[1.627s] Level 1:colcon.colcon_core.package_identification:_identify(.) by extension 'python'
[1.627s] Level 1:colcon.colcon_core.package_identification:_identify(.) by extensions ['python_setup_py']
[1.627s] Level 1:colcon.colcon_core.package_identification:_identify(.) by extension 'python_setup_py'
[1.627s] Level 1:colcon.colcon_core.package_identification:_identify(bot_one) by extensions ['ignore', 'ignore_ament_install']
[1.627s] Level 1:colcon.colcon_core.package_identification:_identify(bot_one) by extension 'ignore'
[1.628s] Level 1:colcon.colcon_core.package_identification:_identify(bot_one) by extension 'ignore_ament_install'
[1.628s] Level 1:colcon.colcon_core.package_identification:_identify(bot_one) by extensions ['colcon_pkg']
[1.628s] Level 1:colcon.colcon_core.package_identification:_identify(bot_one) by extension 'colcon_pkg'
[1.628s] Level 1:colcon.colcon_core.package_identification:_identify(bot_one) by extensions ['colcon_meta']
[1.628s] Level 1:colcon.colcon_core.package_identification:_identify(bot_one) by extension 'colcon_meta'
[1.628s] Level 1:colcon.colcon_core.package_identification:_identify(bot_one) by extensions ['ros']
[1.628s] Level 1:colcon.colcon_core.package_identification:_identify(bot_one) by extension 'ros'
[1.628s] Level 1:colcon.colcon_core.package_identification:_identify(bot_one) by extensions ['cmake', 'python']
[1.628s] Level 1:colcon.colcon_core.package_identification:_identify(bot_one) by extension 'cmake'
[1.628s] Level 1:colcon.colcon_core.package_identification:_identify(bot_one) by extension 'python'
[1.628s] Level 1:colcon.colcon_core.package_identification:_identify(bot_one) by extensions ['python_setup_py']
[1.628s] Level 1:colcon.colcon_core.package_identification:_identify(bot_one) by extension 'python_setup_py'
[1.628s] Level 1:colcon.colcon_core.package_identification:_identify(bot_one/build) by extensions ['ignore', 'ignore_ament_install']
[1.629s] Level 1:colcon.colcon_core.package_identification:_identify(bot_one/build) by extension 'ignore'
[1.629s] Level 1:colcon.colcon_core.package_identification:_identify(bot_one/build) ignored
[1.629s] Level 1:colcon.colcon_core.package_identification:_identify(bot_one/install) by extensions ['ignore', 'ignore_ament_install']
[1.629s] Level 1:colcon.colcon_core.package_identification:_identify(bot_one/install) by extension 'ignore'
[1.629s] Level 1:colcon.colcon_core.package_identification:_identify(bot_one/install) ignored
[1.629s] Level 1:colcon.colcon_core.package_identification:_identify(bot_one/log) by extensions ['ignore', 'ignore_ament_install']
[1.629s] Level 1:colcon.colcon_core.package_identification:_identify(bot_one/log) by extension 'ignore'
[1.629s] Level 1:colcon.colcon_core.package_identification:_identify(bot_one/log) ignored
[1.629s] Level 1:colcon.colcon_core.package_identification:_identify(bot_one/src) by extensions ['ignore', 'ignore_ament_install']
[1.630s] Level 1:colcon.colcon_core.package_identification:_identify(bot_one/src) by extension 'ignore'
[1.630s] Level 1:colcon.colcon_core.package_identification:_identify(bot_one/src) by extension 'ignore_ament_install'
[1.630s] Level 1:colcon.colcon_core.package_identification:_identify(bot_one/src) by extensions ['colcon_pkg']
[1.630s] Level 1:colcon.colcon_core.package_identification:_identify(bot_one/src) by extension 'colcon_pkg'
[1.630s] Level 1:colcon.colcon_core.package_identification:_identify(bot_one/src) by extensions ['colcon_meta']
[1.630s] Level 1:colcon.colcon_core.package_identification:_identify(bot_one/src) by extension 'colcon_meta'
[1.630s] Level 1:colcon.colcon_core.package_identification:_identify(bot_one/src) by extensions ['ros']
[1.630s] Level 1:colcon.colcon_core.package_identification:_identify(bot_one/src) by extension 'ros'
[1.630s] Level 1:colcon.colcon_core.package_identification:_identify(bot_one/src) by extensions ['cmake', 'python']
[1.630s] Level 1:colcon.colcon_core.package_identification:_identify(bot_one/src) by extension 'cmake'
[1.630s] Level 1:colcon.colcon_core.package_identification:_identify(bot_one/src) by extension 'python'
[1.630s] Level 1:colcon.colcon_core.package_identification:_identify(bot_one/src) by extensions ['python_setup_py']
[1.630s] Level 1:colcon.colcon_core.package_identification:_identify(bot_one/src) by extension 'python_setup_py'
[1.631s] Level 1:colcon.colcon_core.package_identification:_identify(bot_one/src/bot_one_pkg) by extensions ['ignore', 'ignore_ament_install']
[1.631s] Level 1:colcon.colcon_core.package_identification:_identify(bot_one/src/bot_one_pkg) by extension 'ignore'
[1.631s] Level 1:colcon.colcon_core.package_identification:_identify(bot_one/src/bot_one_pkg) by extension 'ignore_ament_install'
[1.631s] Level 1:colcon.colcon_core.package_identification:_identify(bot_one/src/bot_one_pkg) by extensions ['colcon_pkg']
[1.631s] Level 1:colcon.colcon_core.package_identification:_identify(bot_one/src/bot_one_pkg) by extension 'colcon_pkg'
[1.631s] Level 1:colcon.colcon_core.package_identification:_identify(bot_one/src/bot_one_pkg) by extensions ['colcon_meta']
[1.631s] Level 1:colcon.colcon_core.package_identification:_identify(bot_one/src/bot_one_pkg) by extension 'colcon_meta'
[1.631s] Level 1:colcon.colcon_core.package_identification:_identify(bot_one/src/bot_one_pkg) by extensions ['ros']
[1.631s] Level 1:colcon.colcon_core.package_identification:_identify(bot_one/src/bot_one_pkg) by extension 'ros'
[1.637s] DEBUG:colcon.colcon_core.package_identification:Package 'bot_one/src/bot_one_pkg' with type 'ros.ament_cmake' and name 'bot_one_pkg'
[1.637s] Level 1:colcon.colcon_core.package_identification:_identify(build) by extensions ['ignore', 'ignore_ament_install']
[1.638s] Level 1:colcon.colcon_core.package_identification:_identify(build) by extension 'ignore'
[1.638s] Level 1:colcon.colcon_core.package_identification:_identify(build) ignored
[1.638s] Level 1:colcon.colcon_core.package_identification:_identify(install) by extensions ['ignore', 'ignore_ament_install']
[1.638s] Level 1:colcon.colcon_core.package_identification:_identify(install) by extension 'ignore'
[1.638s] Level 1:colcon.colcon_core.package_identification:_identify(install) ignored
[1.638s] Level 1:colcon.colcon_core.package_identification:_identify(log) by extensions ['ignore', 'ignore_ament_install']
[1.638s] Level 1:colcon.colcon_core.package_identification:_identify(log) by extension 'ignore'
[1.638s] Level 1:colcon.colcon_core.package_identification:_identify(log) ignored
[1.639s] Level 1:colcon.colcon_core.package_discovery:discover_packages(recursive) using defaults
[1.639s] Level 1:colcon.colcon_core.package_discovery:discover_packages(ignore) discover
[1.639s] Level 1:colcon.colcon_core.package_discovery:discover_packages(ignore) using defaults
[1.639s] Level 1:colcon.colcon_core.package_discovery:discover_packages(path) discover
[1.639s] Level 1:colcon.colcon_core.package_discovery:discover_packages(path) using defaults
[1.776s] Level 1:colcon.colcon_core.package_discovery:discover_packages(prefix_path) check parameters
[1.777s] Level 1:colcon.colcon_core.package_discovery:discover_packages(prefix_path) discover
[1.822s] DEBUG:colcon.colcon_installed_package_information.package_discovery:Found 1 installed packages in /home/devinhenkel/ros_workspace/install
[1.846s] DEBUG:colcon.colcon_installed_package_information.package_discovery:Found 1 installed packages in /home/devinhenkel/ros_workspace/bot_one/install
[1.877s] DEBUG:colcon.colcon_installed_package_information.package_discovery:Found 270 installed packages in /opt/ros/humble
[1.880s] Level 1:colcon.colcon_core.package_discovery:discover_packages(prefix_path) using defaults
[2.040s] Level 5:colcon.colcon_core.verb:set package 'bot_one_pkg' build argument 'cmake_args' from command line to 'None'
[2.040s] Level 5:colcon.colcon_core.verb:set package 'bot_one_pkg' build argument 'cmake_target' from command line to 'None'
[2.040s] Level 5:colcon.colcon_core.verb:set package 'bot_one_pkg' build argument 'cmake_target_skip_unavailable' from command line to 'False'
[2.040s] Level 5:colcon.colcon_core.verb:set package 'bot_one_pkg' build argument 'cmake_clean_cache' from command line to 'False'
[2.040s] Level 5:colcon.colcon_core.verb:set package 'bot_one_pkg' build argument 'cmake_clean_first' from command line to 'False'
[2.040s] Level 5:colcon.colcon_core.verb:set package 'bot_one_pkg' build argument 'cmake_force_configure' from command line to 'False'
[2.040s] Level 5:colcon.colcon_core.verb:set package 'bot_one_pkg' build argument 'ament_cmake_args' from command line to 'None'
[2.040s] Level 5:colcon.colcon_core.verb:set package 'bot_one_pkg' build argument 'catkin_cmake_args' from command line to 'None'
[2.040s] Level 5:colcon.colcon_core.verb:set package 'bot_one_pkg' build argument 'catkin_skip_building_tests' from command line to 'False'
[2.040s] DEBUG:colcon.colcon_core.verb:Building package 'bot_one_pkg' with the following arguments: {'ament_cmake_args': None, 'build_base': '/home/devinhenkel/ros_workspace/build/bot_one_pkg', 'catkin_cmake_args': None, 'catkin_skip_building_tests': False, 'cmake_args': None, 'cmake_clean_cache': False, 'cmake_clean_first': False, 'cmake_force_configure': False, 'cmake_target': None, 'cmake_target_skip_unavailable': False, 'install_base': '/home/devinhenkel/ros_workspace/install/bot_one_pkg', 'merge_install': False, 'path': '/home/devinhenkel/ros_workspace/bot_one/src/bot_one_pkg', 'symlink_install': True, 'test_result_base': None}
[2.060s] INFO:colcon.colcon_core.executor:Executing jobs using 'parallel' executor
[2.085s] DEBUG:colcon.colcon_parallel_executor.executor.parallel:run_until_complete
[2.086s] INFO:colcon.colcon_ros.task.ament_cmake.build:Building ROS package in '/home/devinhenkel/ros_workspace/bot_one/src/bot_one_pkg' with build type 'ament_cmake'
[2.086s] INFO:colcon.colcon_cmake.task.cmake.build:Building CMake package in '/home/devinhenkel/ros_workspace/bot_one/src/bot_one_pkg'
[2.152s] INFO:colcon.colcon_core.plugin_system:Skipping extension 'colcon_core.shell.bat': Not used on non-Windows systems
[2.153s] INFO:colcon.colcon_core.shell:Skip shell extension 'powershell' for command environment: Not usable outside of PowerShell
[2.153s] DEBUG:colcon.colcon_core.shell:Skip shell extension 'dsv' for command environment
[2.322s] DEBUG:colcon.colcon_core.event_handler.log_command:Invoking command in '/home/devinhenkel/ros_workspace/build/bot_one_pkg': CMAKE_PREFIX_PATH=${CMAKE_PREFIX_PATH}:/opt/ros/humble /usr/bin/cmake --build /home/devinhenkel/ros_workspace/build/bot_one_pkg -- -j4 -l4
[3.035s] DEBUG:colcon.colcon_core.event_handler.log_command:Invoked command in '/home/devinhenkel/ros_workspace/build/bot_one_pkg' returned '0': CMAKE_PREFIX_PATH=${CMAKE_PREFIX_PATH}:/opt/ros/humble /usr/bin/cmake --build /home/devinhenkel/ros_workspace/build/bot_one_pkg -- -j4 -l4
[3.114s] DEBUG:colcon.colcon_core.event_handler.log_command:Invoking command in '/home/devinhenkel/ros_workspace/build/bot_one_pkg': CMAKE_PREFIX_PATH=${CMAKE_PREFIX_PATH}:/opt/ros/humble /usr/bin/cmake --install /home/devinhenkel/ros_workspace/build/bot_one_pkg
[3.255s] Level 1:colcon.colcon_core.environment:create_environment_scripts_only(bot_one_pkg)
[3.260s] DEBUG:colcon.colcon_core.event_handler.log_command:Invoked command in '/home/devinhenkel/ros_workspace/build/bot_one_pkg' returned '0': CMAKE_PREFIX_PATH=${CMAKE_PREFIX_PATH}:/opt/ros/humble /usr/bin/cmake --install /home/devinhenkel/ros_workspace/build/bot_one_pkg
[3.302s] Level 1:colcon.colcon_core.environment:checking '/home/devinhenkel/ros_workspace/install/bot_one_pkg' for CMake module files
[3.303s] Level 1:colcon.colcon_core.environment:checking '/home/devinhenkel/ros_workspace/install/bot_one_pkg' for CMake config files
[3.304s] Level 1:colcon.colcon_core.shell:create_environment_hook('bot_one_pkg', 'cmake_prefix_path')
[3.343s] INFO:colcon.colcon_core.shell:Creating environment hook '/home/devinhenkel/ros_workspace/install/bot_one_pkg/share/bot_one_pkg/hook/cmake_prefix_path.ps1'
[3.345s] INFO:colcon.colcon_core.shell:Creating environment descriptor '/home/devinhenkel/ros_workspace/install/bot_one_pkg/share/bot_one_pkg/hook/cmake_prefix_path.dsv'
[3.346s] INFO:colcon.colcon_core.shell:Creating environment hook '/home/devinhenkel/ros_workspace/install/bot_one_pkg/share/bot_one_pkg/hook/cmake_prefix_path.sh'
[3.350s] Level 1:colcon.colcon_core.environment:checking '/home/devinhenkel/ros_workspace/install/bot_one_pkg/lib'
[3.351s] Level 1:colcon.colcon_core.environment:checking '/home/devinhenkel/ros_workspace/install/bot_one_pkg/bin'
[3.351s] Level 1:colcon.colcon_core.environment:checking '/home/devinhenkel/ros_workspace/install/bot_one_pkg/lib/pkgconfig/bot_one_pkg.pc'
[3.352s] Level 1:colcon.colcon_core.environment:checking '/home/devinhenkel/ros_workspace/install/bot_one_pkg/lib/python3.10/site-packages'
[3.353s] Level 1:colcon.colcon_core.environment:checking '/home/devinhenkel/ros_workspace/install/bot_one_pkg/bin'
[3.397s] INFO:colcon.colcon_core.shell:Creating package script '/home/devinhenkel/ros_workspace/install/bot_one_pkg/share/bot_one_pkg/package.ps1'
[3.400s] INFO:colcon.colcon_core.shell:Creating package descriptor '/home/devinhenkel/ros_workspace/install/bot_one_pkg/share/bot_one_pkg/package.dsv'
[3.401s] INFO:colcon.colcon_core.shell:Creating package script '/home/devinhenkel/ros_workspace/install/bot_one_pkg/share/bot_one_pkg/package.sh'
[3.403s] INFO:colcon.colcon_core.shell:Creating package script '/home/devinhenkel/ros_workspace/install/bot_one_pkg/share/bot_one_pkg/package.bash'
[3.405s] INFO:colcon.colcon_core.shell:Creating package script '/home/devinhenkel/ros_workspace/install/bot_one_pkg/share/bot_one_pkg/package.zsh'
[3.407s] Level 1:colcon.colcon_core.environment:create_file_with_runtime_dependencies(/home/devinhenkel/ros_workspace/install/bot_one_pkg/share/colcon-core/packages/bot_one_pkg)
[3.525s] Level 1:colcon.colcon_core.environment:create_environment_scripts_only(bot_one_pkg)
[3.581s] Level 1:colcon.colcon_core.environment:checking '/home/devinhenkel/ros_workspace/install/bot_one_pkg' for CMake module files
[3.583s] Level 1:colcon.colcon_core.environment:checking '/home/devinhenkel/ros_workspace/install/bot_one_pkg' for CMake config files
[3.585s] Level 1:colcon.colcon_core.shell:create_environment_hook('bot_one_pkg', 'cmake_prefix_path')
[3.628s] INFO:colcon.colcon_core.shell:Creating environment hook '/home/devinhenkel/ros_workspace/install/bot_one_pkg/share/bot_one_pkg/hook/cmake_prefix_path.ps1'
[3.629s] INFO:colcon.colcon_core.shell:Creating environment descriptor '/home/devinhenkel/ros_workspace/install/bot_one_pkg/share/bot_one_pkg/hook/cmake_prefix_path.dsv'
[3.630s] INFO:colcon.colcon_core.shell:Creating environment hook '/home/devinhenkel/ros_workspace/install/bot_one_pkg/share/bot_one_pkg/hook/cmake_prefix_path.sh'
[3.631s] Level 1:colcon.colcon_core.environment:checking '/home/devinhenkel/ros_workspace/install/bot_one_pkg/lib'
[3.631s] Level 1:colcon.colcon_core.environment:checking '/home/devinhenkel/ros_workspace/install/bot_one_pkg/bin'
[3.631s] Level 1:colcon.colcon_core.environment:checking '/home/devinhenkel/ros_workspace/install/bot_one_pkg/lib/pkgconfig/bot_one_pkg.pc'
[3.632s] Level 1:colcon.colcon_core.environment:checking '/home/devinhenkel/ros_workspace/install/bot_one_pkg/lib/python3.10/site-packages'
[3.632s] Level 1:colcon.colcon_core.environment:checking '/home/devinhenkel/ros_workspace/install/bot_one_pkg/bin'
[3.684s] INFO:colcon.colcon_core.shell:Creating package script '/home/devinhenkel/ros_workspace/install/bot_one_pkg/share/bot_one_pkg/package.ps1'
[3.685s] INFO:colcon.colcon_core.shell:Creating package descriptor '/home/devinhenkel/ros_workspace/install/bot_one_pkg/share/bot_one_pkg/package.dsv'
[3.687s] INFO:colcon.colcon_core.shell:Creating package script '/home/devinhenkel/ros_workspace/install/bot_one_pkg/share/bot_one_pkg/package.sh'
[3.689s] INFO:colcon.colcon_core.shell:Creating package script '/home/devinhenkel/ros_workspace/install/bot_one_pkg/share/bot_one_pkg/package.bash'
[3.690s] INFO:colcon.colcon_core.shell:Creating package script '/home/devinhenkel/ros_workspace/install/bot_one_pkg/share/bot_one_pkg/package.zsh'
[3.695s] Level 1:colcon.colcon_core.environment:create_file_with_runtime_dependencies(/home/devinhenkel/ros_workspace/install/bot_one_pkg/share/colcon-core/packages/bot_one_pkg)
[3.698s] DEBUG:colcon.colcon_parallel_executor.executor.parallel:closing loop
[3.698s] DEBUG:colcon.colcon_parallel_executor.executor.parallel:loop closed
[3.699s] DEBUG:colcon.colcon_parallel_executor.executor.parallel:run_until_complete finished with '0'
[3.699s] DEBUG:colcon.colcon_core.event_reactor:joining thread
[3.799s] INFO:colcon.colcon_core.plugin_system:Skipping extension 'colcon_notification.desktop_notification.terminal_notifier': Not used on non-Darwin systems
[3.800s] INFO:colcon.colcon_core.plugin_system:Skipping extension 'colcon_notification.desktop_notification.win32': Not used on non-Windows systems
[3.801s] INFO:colcon.colcon_notification.desktop_notification:Sending desktop notification using 'notify2'
[3.845s] DEBUG:colcon.colcon_core.event_reactor:joined thread
[3.916s] INFO:colcon.colcon_core.shell:Creating prefix script '/home/devinhenkel/ros_workspace/install/local_setup.ps1'
[3.919s] INFO:colcon.colcon_core.shell:Creating prefix util module '/home/devinhenkel/ros_workspace/install/_local_setup_util_ps1.py'
[3.923s] INFO:colcon.colcon_core.shell:Creating prefix chain script '/home/devinhenkel/ros_workspace/install/setup.ps1'
[3.981s] INFO:colcon.colcon_core.shell:Creating prefix script '/home/devinhenkel/ros_workspace/install/local_setup.sh'
[3.983s] INFO:colcon.colcon_core.shell:Creating prefix util module '/home/devinhenkel/ros_workspace/install/_local_setup_util_sh.py'
[3.984s] INFO:colcon.colcon_core.shell:Creating prefix chain script '/home/devinhenkel/ros_workspace/install/setup.sh'
[4.035s] INFO:colcon.colcon_core.shell:Creating prefix script '/home/devinhenkel/ros_workspace/install/local_setup.bash'
[4.037s] INFO:colcon.colcon_core.shell:Creating prefix chain script '/home/devinhenkel/ros_workspace/install/setup.bash'
[4.082s] INFO:colcon.colcon_core.shell:Creating prefix script '/home/devinhenkel/ros_workspace/install/local_setup.zsh'
[4.083s] INFO:colcon.colcon_core.shell:Creating prefix chain script '/home/devinhenkel/ros_workspace/install/setup.zsh'
