[0.408s] Invoking command in '/home/devinhenkel/ros_workspace/build/bot_one_pkg': CMAKE_PREFIX_PATH=${CMAKE_PREFIX_PATH}:/opt/ros/humble /usr/bin/cmake --build /home/devinhenkel/ros_workspace/build/bot_one_pkg -- -j4 -l4
[0.481s] -- Found ament_cmake: 1.3.6 (/opt/ros/humble/share/ament_cmake/cmake)
[1.080s] -- Override CMake install command with custom implementation using symlinks instead of copying resources
[1.104s] -- Found rclpy: 3.3.11 (/opt/ros/humble/share/rclpy/cmake)
[1.341s] -- Found ament_lint_auto: 0.12.9 (/opt/ros/humble/share/ament_lint_auto/cmake)
[1.541s] -- Added test 'flake8' to check Python code syntax and style conventions
[1.542s] -- Added test 'lint_cmake' to check CMake code style
[1.544s] -- Added test 'pep257' to check Python code against some of the docstring style conventions in PEP 257
[1.546s] -- Added test 'xmllint' to check XML markup files
[1.549s] -- Configuring done
[1.565s] -- Generating done
[1.568s] -- Build files have been written to: /home/devinhenkel/ros_workspace/build/bot_one_pkg
[1.684s] Built target ament_cmake_python_symlink_scripts
[2.618s] running egg_info
[2.621s] writing scripts.egg-info/PKG-INFO
[2.623s] writing dependency_links to scripts.egg-info/dependency_links.txt
[2.623s] writing top-level names to scripts.egg-info/top_level.txt
[2.634s] reading manifest file 'scripts.egg-info/SOURCES.txt'
[2.637s] writing manifest file 'scripts.egg-info/SOURCES.txt'
[2.731s] Built target ament_cmake_python_build_scripts_egg
[2.763s] Invoked command in '/home/devinhenkel/ros_workspace/build/bot_one_pkg' returned '0': CMAKE_PREFIX_PATH=${CMAKE_PREFIX_PATH}:/opt/ros/humble /usr/bin/cmake --build /home/devinhenkel/ros_workspace/build/bot_one_pkg -- -j4 -l4
[2.849s] Invoking command in '/home/devinhenkel/ros_workspace/build/bot_one_pkg': CMAKE_PREFIX_PATH=${CMAKE_PREFIX_PATH}:/opt/ros/humble /usr/bin/cmake --install /home/devinhenkel/ros_workspace/build/bot_one_pkg
[2.868s] -- Install configuration: ""
[2.869s] -- Execute custom install script
[2.870s] -- Up-to-date symlink: /home/devinhenkel/ros_workspace/install/bot_one_pkg/share/bot_one_pkg/environment/pythonpath.sh
[2.871s] -- Up-to-date symlink: /home/devinhenkel/ros_workspace/install/bot_one_pkg/share/bot_one_pkg/environment/pythonpath.dsv
[2.872s] -- Up-to-date symlink: /home/devinhenkel/ros_workspace/install/bot_one_pkg/local/lib/python3.10/dist-packages/scripts-0.0.0-py3.10.egg-info/PKG-INFO
[2.872s] -- Up-to-date symlink: /home/devinhenkel/ros_workspace/install/bot_one_pkg/local/lib/python3.10/dist-packages/scripts-0.0.0-py3.10.egg-info/SOURCES.txt
[2.873s] -- Up-to-date symlink: /home/devinhenkel/ros_workspace/install/bot_one_pkg/local/lib/python3.10/dist-packages/scripts-0.0.0-py3.10.egg-info/dependency_links.txt
[2.873s] -- Up-to-date symlink: /home/devinhenkel/ros_workspace/install/bot_one_pkg/local/lib/python3.10/dist-packages/scripts-0.0.0-py3.10.egg-info/top_level.txt
[2.874s] -- Up-to-date symlink: /home/devinhenkel/ros_workspace/install/bot_one_pkg/local/lib/python3.10/dist-packages/scripts/__init__.py
[2.875s] -- Up-to-date symlink: /home/devinhenkel/ros_workspace/install/bot_one_pkg/local/lib/python3.10/dist-packages/scripts/py_pub.py
[2.875s] -- Up-to-date symlink: /home/devinhenkel/ros_workspace/install/bot_one_pkg/local/lib/python3.10/dist-packages/scripts/py_sub.py
[2.875s] -- Symlinking: /home/devinhenkel/ros_workspace/install/bot_one_pkg/local/lib/python3.10/dist-packages/scripts/rpm_pub.py
[2.894s] -- Up-to-date symlink: /home/devinhenkel/ros_workspace/install/bot_one_pkg/lib/bot_one_pkg/py_pub.py
[2.895s] -- Up-to-date symlink: /home/devinhenkel/ros_workspace/install/bot_one_pkg/lib/bot_one_pkg/py_sub.py
[2.895s] -- Symlinking: /home/devinhenkel/ros_workspace/install/bot_one_pkg/lib/bot_one_pkg/rpm_pub.py
[2.913s] -- Up-to-date symlink: /home/devinhenkel/ros_workspace/install/bot_one_pkg/share/ament_index/resource_index/package_run_dependencies/bot_one_pkg
[2.913s] -- Up-to-date symlink: /home/devinhenkel/ros_workspace/install/bot_one_pkg/share/ament_index/resource_index/parent_prefix_path/bot_one_pkg
[2.914s] -- Up-to-date symlink: /home/devinhenkel/ros_workspace/install/bot_one_pkg/share/bot_one_pkg/environment/ament_prefix_path.sh
[2.916s] -- Up-to-date symlink: /home/devinhenkel/ros_workspace/install/bot_one_pkg/share/bot_one_pkg/environment/ament_prefix_path.dsv
[2.916s] -- Up-to-date symlink: /home/devinhenkel/ros_workspace/install/bot_one_pkg/share/bot_one_pkg/environment/path.sh
[2.916s] -- Up-to-date symlink: /home/devinhenkel/ros_workspace/install/bot_one_pkg/share/bot_one_pkg/environment/path.dsv
[2.917s] -- Up-to-date symlink: /home/devinhenkel/ros_workspace/install/bot_one_pkg/share/bot_one_pkg/local_setup.bash
[2.917s] -- Up-to-date symlink: /home/devinhenkel/ros_workspace/install/bot_one_pkg/share/bot_one_pkg/local_setup.sh
[2.918s] -- Up-to-date symlink: /home/devinhenkel/ros_workspace/install/bot_one_pkg/share/bot_one_pkg/local_setup.zsh
[2.919s] -- Up-to-date symlink: /home/devinhenkel/ros_workspace/install/bot_one_pkg/share/bot_one_pkg/local_setup.dsv
[2.919s] -- Symlinking: /home/devinhenkel/ros_workspace/install/bot_one_pkg/share/bot_one_pkg/package.dsv
[2.944s] -- Up-to-date symlink: /home/devinhenkel/ros_workspace/install/bot_one_pkg/share/ament_index/resource_index/packages/bot_one_pkg
[2.944s] -- Up-to-date symlink: /home/devinhenkel/ros_workspace/install/bot_one_pkg/share/bot_one_pkg/cmake/bot_one_pkgConfig.cmake
[2.945s] -- Up-to-date symlink: /home/devinhenkel/ros_workspace/install/bot_one_pkg/share/bot_one_pkg/cmake/bot_one_pkgConfig-version.cmake
[2.945s] -- Up-to-date symlink: /home/devinhenkel/ros_workspace/install/bot_one_pkg/share/bot_one_pkg/package.xml
[3.079s] Listing '/home/devinhenkel/ros_workspace/install/bot_one_pkg/local/lib/python3.10/dist-packages/scripts'...
[3.080s] Compiling '/home/devinhenkel/ros_workspace/install/bot_one_pkg/local/lib/python3.10/dist-packages/scripts/py_pub.py'...
[3.080s] Compiling '/home/devinhenkel/ros_workspace/install/bot_one_pkg/local/lib/python3.10/dist-packages/scripts/rpm_pub.py'...
[3.099s] Invoked command in '/home/devinhenkel/ros_workspace/build/bot_one_pkg' returned '0': CMAKE_PREFIX_PATH=${CMAKE_PREFIX_PATH}:/opt/ros/humble /usr/bin/cmake --install /home/devinhenkel/ros_workspace/build/bot_one_pkg
