[1.173s] DEBUG:colcon:Command line arguments: ['/usr/bin/colcon', 'build']
[1.173s] DEBUG:colcon:Parsed command line arguments: Namespace(log_base=None, log_level=None, verb_name='build', build_base='build', install_base='install', merge_install=False, symlink_install=False, test_result_base=None, continue_on_error=False, executor='parallel', parallel_workers=4, event_handlers=None, ignore_user_meta=False, metas=['./colcon.meta'], base_paths=['.'], packages_ignore=None, packages_ignore_regex=None, paths=None, packages_up_to=None, packages_up_to_regex=None, packages_above=None, packages_above_and_dependencies=None, packages_above_depth=None, packages_select_by_dep=None, packages_skip_by_dep=None, packages_skip_up_to=None, packages_select_build_failed=False, packages_skip_build_finished=False, packages_select_test_failures=False, packages_skip_test_passed=False, packages_select=None, packages_skip=None, packages_select_regex=None, packages_skip_regex=None, packages_start=None, packages_end=None, allow_overriding=[], cmake_args=None, cmake_target=None, cmake_target_skip_unavailable=False, cmake_clean_cache=False, cmake_clean_first=False, cmake_force_configure=False, ament_cmake_args=None, catkin_cmake_args=None, catkin_skip_building_tests=False, verb_parser=<colcon_defaults.argument_parser.defaults.DefaultArgumentsDecorator object at 0x7f3b06414280>, verb_extension=<colcon_core.verb.build.BuildVerb object at 0x7f3b06417dc0>, main=<bound method BuildVerb.main of <colcon_core.verb.build.BuildVerb object at 0x7f3b06417dc0>>)
[1.226s] Level 1:colcon.colcon_core.package_discovery:discover_packages(colcon_meta) check parameters
[1.227s] Level 1:colcon.colcon_core.package_discovery:discover_packages(recursive) check parameters
[1.227s] Level 1:colcon.colcon_core.package_discovery:discover_packages(ignore) check parameters
[1.227s] Level 1:colcon.colcon_core.package_discovery:discover_packages(path) check parameters
[1.227s] Level 1:colcon.colcon_core.package_discovery:discover_packages(colcon_meta) discover
[1.227s] Level 1:colcon.colcon_core.package_discovery:discover_packages(recursive) discover
[1.227s] INFO:colcon.colcon_core.package_discovery:Crawling recursively for packages in '/home/devinhenkel/ros_workspace'
[1.227s] Level 1:colcon.colcon_core.package_identification:_identify(.) by extensions ['ignore', 'ignore_ament_install']
[1.227s] Level 1:colcon.colcon_core.package_identification:_identify(.) by extension 'ignore'
[1.228s] Level 1:colcon.colcon_core.package_identification:_identify(.) by extension 'ignore_ament_install'
[1.228s] Level 1:colcon.colcon_core.package_identification:_identify(.) by extensions ['colcon_pkg']
[1.228s] Level 1:colcon.colcon_core.package_identification:_identify(.) by extension 'colcon_pkg'
[1.228s] Level 1:colcon.colcon_core.package_identification:_identify(.) by extensions ['colcon_meta']
[1.228s] Level 1:colcon.colcon_core.package_identification:_identify(.) by extension 'colcon_meta'
[1.228s] Level 1:colcon.colcon_core.package_identification:_identify(.) by extensions ['ros']
[1.228s] Level 1:colcon.colcon_core.package_identification:_identify(.) by extension 'ros'
[1.241s] Level 1:colcon.colcon_core.package_identification:_identify(.) by extensions ['cmake', 'python']
[1.241s] Level 1:colcon.colcon_core.package_identification:_identify(.) by extension 'cmake'
[1.241s] Level 1:colcon.colcon_core.package_identification:_identify(.) by extension 'python'
[1.242s] Level 1:colcon.colcon_core.package_identification:_identify(.) by extensions ['python_setup_py']
[1.242s] Level 1:colcon.colcon_core.package_identification:_identify(.) by extension 'python_setup_py'
[1.242s] Level 1:colcon.colcon_core.package_identification:_identify(bot_one) by extensions ['ignore', 'ignore_ament_install']
[1.242s] Level 1:colcon.colcon_core.package_identification:_identify(bot_one) by extension 'ignore'
[1.242s] Level 1:colcon.colcon_core.package_identification:_identify(bot_one) by extension 'ignore_ament_install'
[1.242s] Level 1:colcon.colcon_core.package_identification:_identify(bot_one) by extensions ['colcon_pkg']
[1.242s] Level 1:colcon.colcon_core.package_identification:_identify(bot_one) by extension 'colcon_pkg'
[1.242s] Level 1:colcon.colcon_core.package_identification:_identify(bot_one) by extensions ['colcon_meta']
[1.242s] Level 1:colcon.colcon_core.package_identification:_identify(bot_one) by extension 'colcon_meta'
[1.242s] Level 1:colcon.colcon_core.package_identification:_identify(bot_one) by extensions ['ros']
[1.242s] Level 1:colcon.colcon_core.package_identification:_identify(bot_one) by extension 'ros'
[1.242s] Level 1:colcon.colcon_core.package_identification:_identify(bot_one) by extensions ['cmake', 'python']
[1.242s] Level 1:colcon.colcon_core.package_identification:_identify(bot_one) by extension 'cmake'
[1.242s] Level 1:colcon.colcon_core.package_identification:_identify(bot_one) by extension 'python'
[1.243s] Level 1:colcon.colcon_core.package_identification:_identify(bot_one) by extensions ['python_setup_py']
[1.243s] Level 1:colcon.colcon_core.package_identification:_identify(bot_one) by extension 'python_setup_py'
[1.243s] Level 1:colcon.colcon_core.package_identification:_identify(bot_one/build) by extensions ['ignore', 'ignore_ament_install']
[1.243s] Level 1:colcon.colcon_core.package_identification:_identify(bot_one/build) by extension 'ignore'
[1.243s] Level 1:colcon.colcon_core.package_identification:_identify(bot_one/build) ignored
[1.243s] Level 1:colcon.colcon_core.package_identification:_identify(bot_one/install) by extensions ['ignore', 'ignore_ament_install']
[1.243s] Level 1:colcon.colcon_core.package_identification:_identify(bot_one/install) by extension 'ignore'
[1.243s] Level 1:colcon.colcon_core.package_identification:_identify(bot_one/install) ignored
[1.243s] Level 1:colcon.colcon_core.package_identification:_identify(bot_one/log) by extensions ['ignore', 'ignore_ament_install']
[1.243s] Level 1:colcon.colcon_core.package_identification:_identify(bot_one/log) by extension 'ignore'
[1.244s] Level 1:colcon.colcon_core.package_identification:_identify(bot_one/log) ignored
[1.244s] Level 1:colcon.colcon_core.package_identification:_identify(bot_one/src) by extensions ['ignore', 'ignore_ament_install']
[1.244s] Level 1:colcon.colcon_core.package_identification:_identify(bot_one/src) by extension 'ignore'
[1.244s] Level 1:colcon.colcon_core.package_identification:_identify(bot_one/src) by extension 'ignore_ament_install'
[1.244s] Level 1:colcon.colcon_core.package_identification:_identify(bot_one/src) by extensions ['colcon_pkg']
[1.244s] Level 1:colcon.colcon_core.package_identification:_identify(bot_one/src) by extension 'colcon_pkg'
[1.244s] Level 1:colcon.colcon_core.package_identification:_identify(bot_one/src) by extensions ['colcon_meta']
[1.244s] Level 1:colcon.colcon_core.package_identification:_identify(bot_one/src) by extension 'colcon_meta'
[1.244s] Level 1:colcon.colcon_core.package_identification:_identify(bot_one/src) by extensions ['ros']
[1.244s] Level 1:colcon.colcon_core.package_identification:_identify(bot_one/src) by extension 'ros'
[1.244s] Level 1:colcon.colcon_core.package_identification:_identify(bot_one/src) by extensions ['cmake', 'python']
[1.244s] Level 1:colcon.colcon_core.package_identification:_identify(bot_one/src) by extension 'cmake'
[1.244s] Level 1:colcon.colcon_core.package_identification:_identify(bot_one/src) by extension 'python'
[1.244s] Level 1:colcon.colcon_core.package_identification:_identify(bot_one/src) by extensions ['python_setup_py']
[1.244s] Level 1:colcon.colcon_core.package_identification:_identify(bot_one/src) by extension 'python_setup_py'
[1.245s] Level 1:colcon.colcon_core.package_identification:_identify(bot_one/src/bot_one_pkg) by extensions ['ignore', 'ignore_ament_install']
[1.245s] Level 1:colcon.colcon_core.package_identification:_identify(bot_one/src/bot_one_pkg) by extension 'ignore'
[1.245s] Level 1:colcon.colcon_core.package_identification:_identify(bot_one/src/bot_one_pkg) by extension 'ignore_ament_install'
[1.245s] Level 1:colcon.colcon_core.package_identification:_identify(bot_one/src/bot_one_pkg) by extensions ['colcon_pkg']
[1.245s] Level 1:colcon.colcon_core.package_identification:_identify(bot_one/src/bot_one_pkg) by extension 'colcon_pkg'
[1.245s] Level 1:colcon.colcon_core.package_identification:_identify(bot_one/src/bot_one_pkg) by extensions ['colcon_meta']
[1.245s] Level 1:colcon.colcon_core.package_identification:_identify(bot_one/src/bot_one_pkg) by extension 'colcon_meta'
[1.245s] Level 1:colcon.colcon_core.package_identification:_identify(bot_one/src/bot_one_pkg) by extensions ['ros']
[1.245s] Level 1:colcon.colcon_core.package_identification:_identify(bot_one/src/bot_one_pkg) by extension 'ros'
[1.248s] DEBUG:colcon.colcon_core.package_identification:Package 'bot_one/src/bot_one_pkg' with type 'ros.ament_cmake' and name 'bot_one_pkg'
[1.248s] Level 1:colcon.colcon_core.package_identification:_identify(build) by extensions ['ignore', 'ignore_ament_install']
[1.248s] Level 1:colcon.colcon_core.package_identification:_identify(build) by extension 'ignore'
[1.248s] Level 1:colcon.colcon_core.package_identification:_identify(build) ignored
[1.248s] Level 1:colcon.colcon_core.package_identification:_identify(install) by extensions ['ignore', 'ignore_ament_install']
[1.249s] Level 1:colcon.colcon_core.package_identification:_identify(install) by extension 'ignore'
[1.249s] Level 1:colcon.colcon_core.package_identification:_identify(install) ignored
[1.249s] Level 1:colcon.colcon_core.package_identification:_identify(log) by extensions ['ignore', 'ignore_ament_install']
[1.249s] Level 1:colcon.colcon_core.package_identification:_identify(log) by extension 'ignore'
[1.249s] Level 1:colcon.colcon_core.package_identification:_identify(log) ignored
[1.249s] Level 1:colcon.colcon_core.package_discovery:discover_packages(recursive) using defaults
[1.249s] Level 1:colcon.colcon_core.package_discovery:discover_packages(ignore) discover
[1.249s] Level 1:colcon.colcon_core.package_discovery:discover_packages(ignore) using defaults
[1.249s] Level 1:colcon.colcon_core.package_discovery:discover_packages(path) discover
[1.249s] Level 1:colcon.colcon_core.package_discovery:discover_packages(path) using defaults
[1.353s] Level 1:colcon.colcon_core.package_discovery:discover_packages(prefix_path) check parameters
[1.354s] Level 1:colcon.colcon_core.package_discovery:discover_packages(prefix_path) discover
[1.393s] DEBUG:colcon.colcon_installed_package_information.package_discovery:Found 1 installed packages in /home/devinhenkel/ros_workspace/install
[1.410s] DEBUG:colcon.colcon_installed_package_information.package_discovery:Found 270 installed packages in /opt/ros/humble
[1.412s] Level 1:colcon.colcon_core.package_discovery:discover_packages(prefix_path) using defaults
[1.507s] Level 5:colcon.colcon_core.verb:set package 'bot_one_pkg' build argument 'cmake_args' from command line to 'None'
[1.507s] Level 5:colcon.colcon_core.verb:set package 'bot_one_pkg' build argument 'cmake_target' from command line to 'None'
[1.507s] Level 5:colcon.colcon_core.verb:set package 'bot_one_pkg' build argument 'cmake_target_skip_unavailable' from command line to 'False'
[1.507s] Level 5:colcon.colcon_core.verb:set package 'bot_one_pkg' build argument 'cmake_clean_cache' from command line to 'False'
[1.507s] Level 5:colcon.colcon_core.verb:set package 'bot_one_pkg' build argument 'cmake_clean_first' from command line to 'False'
[1.507s] Level 5:colcon.colcon_core.verb:set package 'bot_one_pkg' build argument 'cmake_force_configure' from command line to 'False'
[1.507s] Level 5:colcon.colcon_core.verb:set package 'bot_one_pkg' build argument 'ament_cmake_args' from command line to 'None'
[1.507s] Level 5:colcon.colcon_core.verb:set package 'bot_one_pkg' build argument 'catkin_cmake_args' from command line to 'None'
[1.507s] Level 5:colcon.colcon_core.verb:set package 'bot_one_pkg' build argument 'catkin_skip_building_tests' from command line to 'False'
[1.507s] DEBUG:colcon.colcon_core.verb:Building package 'bot_one_pkg' with the following arguments: {'ament_cmake_args': None, 'build_base': '/home/devinhenkel/ros_workspace/build/bot_one_pkg', 'catkin_cmake_args': None, 'catkin_skip_building_tests': False, 'cmake_args': None, 'cmake_clean_cache': False, 'cmake_clean_first': False, 'cmake_force_configure': False, 'cmake_target': None, 'cmake_target_skip_unavailable': False, 'install_base': '/home/devinhenkel/ros_workspace/install/bot_one_pkg', 'merge_install': False, 'path': '/home/devinhenkel/ros_workspace/bot_one/src/bot_one_pkg', 'symlink_install': False, 'test_result_base': None}
[1.522s] INFO:colcon.colcon_core.executor:Executing jobs using 'parallel' executor
[1.539s] DEBUG:colcon.colcon_parallel_executor.executor.parallel:run_until_complete
[1.539s] INFO:colcon.colcon_ros.task.ament_cmake.build:Building ROS package in '/home/devinhenkel/ros_workspace/bot_one/src/bot_one_pkg' with build type 'ament_cmake'
[1.540s] INFO:colcon.colcon_cmake.task.cmake.build:Building CMake package in '/home/devinhenkel/ros_workspace/bot_one/src/bot_one_pkg'
[1.562s] INFO:colcon.colcon_core.plugin_system:Skipping extension 'colcon_core.shell.bat': Not used on non-Windows systems
[1.562s] INFO:colcon.colcon_core.shell:Skip shell extension 'powershell' for command environment: Not usable outside of PowerShell
[1.562s] DEBUG:colcon.colcon_core.shell:Skip shell extension 'dsv' for command environment
[1.671s] DEBUG:colcon.colcon_core.event_handler.log_command:Invoking command in '/home/devinhenkel/ros_workspace/build/bot_one_pkg': CMAKE_PREFIX_PATH=${CMAKE_PREFIX_PATH}:/opt/ros/humble /usr/bin/cmake --build /home/devinhenkel/ros_workspace/build/bot_one_pkg -- -j4 -l4
[2.664s] DEBUG:colcon.colcon_core.event_handler.log_command:Invoked command in '/home/devinhenkel/ros_workspace/build/bot_one_pkg' returned '0': CMAKE_PREFIX_PATH=${CMAKE_PREFIX_PATH}:/opt/ros/humble /usr/bin/cmake --build /home/devinhenkel/ros_workspace/build/bot_one_pkg -- -j4 -l4
[2.719s] DEBUG:colcon.colcon_core.event_handler.log_command:Invoking command in '/home/devinhenkel/ros_workspace/build/bot_one_pkg': CMAKE_PREFIX_PATH=${CMAKE_PREFIX_PATH}:/opt/ros/humble /usr/bin/cmake --install /home/devinhenkel/ros_workspace/build/bot_one_pkg
[2.790s] Level 1:colcon.colcon_core.environment:create_environment_scripts_only(bot_one_pkg)
[2.790s] DEBUG:colcon.colcon_core.event_handler.log_command:Invoked command in '/home/devinhenkel/ros_workspace/build/bot_one_pkg' returned '0': CMAKE_PREFIX_PATH=${CMAKE_PREFIX_PATH}:/opt/ros/humble /usr/bin/cmake --install /home/devinhenkel/ros_workspace/build/bot_one_pkg
[2.820s] Level 1:colcon.colcon_core.environment:checking '/home/devinhenkel/ros_workspace/install/bot_one_pkg' for CMake module files
[2.821s] Level 1:colcon.colcon_core.environment:checking '/home/devinhenkel/ros_workspace/install/bot_one_pkg' for CMake config files
[2.822s] Level 1:colcon.colcon_core.shell:create_environment_hook('bot_one_pkg', 'cmake_prefix_path')
[2.842s] INFO:colcon.colcon_core.shell:Creating environment hook '/home/devinhenkel/ros_workspace/install/bot_one_pkg/share/bot_one_pkg/hook/cmake_prefix_path.ps1'
[2.843s] INFO:colcon.colcon_core.shell:Creating environment descriptor '/home/devinhenkel/ros_workspace/install/bot_one_pkg/share/bot_one_pkg/hook/cmake_prefix_path.dsv'
[2.843s] INFO:colcon.colcon_core.shell:Creating environment hook '/home/devinhenkel/ros_workspace/install/bot_one_pkg/share/bot_one_pkg/hook/cmake_prefix_path.sh'
[2.844s] Level 1:colcon.colcon_core.environment:checking '/home/devinhenkel/ros_workspace/install/bot_one_pkg/lib'
[2.845s] Level 1:colcon.colcon_core.environment:checking '/home/devinhenkel/ros_workspace/install/bot_one_pkg/bin'
[2.845s] Level 1:colcon.colcon_core.environment:checking '/home/devinhenkel/ros_workspace/install/bot_one_pkg/lib/pkgconfig/bot_one_pkg.pc'
[2.845s] Level 1:colcon.colcon_core.environment:checking '/home/devinhenkel/ros_workspace/install/bot_one_pkg/lib/python3.10/site-packages'
[2.845s] Level 1:colcon.colcon_core.environment:checking '/home/devinhenkel/ros_workspace/install/bot_one_pkg/bin'
[2.864s] INFO:colcon.colcon_core.shell:Creating package script '/home/devinhenkel/ros_workspace/install/bot_one_pkg/share/bot_one_pkg/package.ps1'
[2.865s] INFO:colcon.colcon_core.shell:Creating package descriptor '/home/devinhenkel/ros_workspace/install/bot_one_pkg/share/bot_one_pkg/package.dsv'
[2.865s] INFO:colcon.colcon_core.shell:Creating package script '/home/devinhenkel/ros_workspace/install/bot_one_pkg/share/bot_one_pkg/package.sh'
[2.866s] INFO:colcon.colcon_core.shell:Creating package script '/home/devinhenkel/ros_workspace/install/bot_one_pkg/share/bot_one_pkg/package.bash'
[2.867s] INFO:colcon.colcon_core.shell:Creating package script '/home/devinhenkel/ros_workspace/install/bot_one_pkg/share/bot_one_pkg/package.zsh'
[2.868s] Level 1:colcon.colcon_core.environment:create_file_with_runtime_dependencies(/home/devinhenkel/ros_workspace/install/bot_one_pkg/share/colcon-core/packages/bot_one_pkg)
[2.923s] Level 1:colcon.colcon_core.environment:create_environment_scripts_only(bot_one_pkg)
[2.941s] Level 1:colcon.colcon_core.environment:checking '/home/devinhenkel/ros_workspace/install/bot_one_pkg' for CMake module files
[2.942s] Level 1:colcon.colcon_core.environment:checking '/home/devinhenkel/ros_workspace/install/bot_one_pkg' for CMake config files
[2.942s] Level 1:colcon.colcon_core.shell:create_environment_hook('bot_one_pkg', 'cmake_prefix_path')
[2.959s] INFO:colcon.colcon_core.shell:Creating environment hook '/home/devinhenkel/ros_workspace/install/bot_one_pkg/share/bot_one_pkg/hook/cmake_prefix_path.ps1'
[2.960s] INFO:colcon.colcon_core.shell:Creating environment descriptor '/home/devinhenkel/ros_workspace/install/bot_one_pkg/share/bot_one_pkg/hook/cmake_prefix_path.dsv'
[2.960s] INFO:colcon.colcon_core.shell:Creating environment hook '/home/devinhenkel/ros_workspace/install/bot_one_pkg/share/bot_one_pkg/hook/cmake_prefix_path.sh'
[2.961s] Level 1:colcon.colcon_core.environment:checking '/home/devinhenkel/ros_workspace/install/bot_one_pkg/lib'
[2.962s] Level 1:colcon.colcon_core.environment:checking '/home/devinhenkel/ros_workspace/install/bot_one_pkg/bin'
[2.962s] Level 1:colcon.colcon_core.environment:checking '/home/devinhenkel/ros_workspace/install/bot_one_pkg/lib/pkgconfig/bot_one_pkg.pc'
[2.962s] Level 1:colcon.colcon_core.environment:checking '/home/devinhenkel/ros_workspace/install/bot_one_pkg/lib/python3.10/site-packages'
[2.963s] Level 1:colcon.colcon_core.environment:checking '/home/devinhenkel/ros_workspace/install/bot_one_pkg/bin'
[2.991s] INFO:colcon.colcon_core.shell:Creating package script '/home/devinhenkel/ros_workspace/install/bot_one_pkg/share/bot_one_pkg/package.ps1'
[2.992s] INFO:colcon.colcon_core.shell:Creating package descriptor '/home/devinhenkel/ros_workspace/install/bot_one_pkg/share/bot_one_pkg/package.dsv'
[2.992s] INFO:colcon.colcon_core.shell:Creating package script '/home/devinhenkel/ros_workspace/install/bot_one_pkg/share/bot_one_pkg/package.sh'
[2.993s] INFO:colcon.colcon_core.shell:Creating package script '/home/devinhenkel/ros_workspace/install/bot_one_pkg/share/bot_one_pkg/package.bash'
[2.994s] INFO:colcon.colcon_core.shell:Creating package script '/home/devinhenkel/ros_workspace/install/bot_one_pkg/share/bot_one_pkg/package.zsh'
[2.994s] Level 1:colcon.colcon_core.environment:create_file_with_runtime_dependencies(/home/devinhenkel/ros_workspace/install/bot_one_pkg/share/colcon-core/packages/bot_one_pkg)
[2.995s] DEBUG:colcon.colcon_parallel_executor.executor.parallel:closing loop
[2.995s] DEBUG:colcon.colcon_parallel_executor.executor.parallel:loop closed
[2.996s] DEBUG:colcon.colcon_parallel_executor.executor.parallel:run_until_complete finished with '0'
[2.996s] DEBUG:colcon.colcon_core.event_reactor:joining thread
[3.040s] INFO:colcon.colcon_core.plugin_system:Skipping extension 'colcon_notification.desktop_notification.terminal_notifier': Not used on non-Darwin systems
[3.041s] INFO:colcon.colcon_core.plugin_system:Skipping extension 'colcon_notification.desktop_notification.win32': Not used on non-Windows systems
[3.041s] INFO:colcon.colcon_notification.desktop_notification:Sending desktop notification using 'notify2'
[3.061s] DEBUG:colcon.colcon_core.event_reactor:joined thread
[3.089s] INFO:colcon.colcon_core.shell:Creating prefix script '/home/devinhenkel/ros_workspace/install/local_setup.ps1'
[3.090s] INFO:colcon.colcon_core.shell:Creating prefix util module '/home/devinhenkel/ros_workspace/install/_local_setup_util_ps1.py'
[3.095s] INFO:colcon.colcon_core.shell:Creating prefix chain script '/home/devinhenkel/ros_workspace/install/setup.ps1'
[3.141s] INFO:colcon.colcon_core.shell:Creating prefix script '/home/devinhenkel/ros_workspace/install/local_setup.sh'
[3.142s] INFO:colcon.colcon_core.shell:Creating prefix util module '/home/devinhenkel/ros_workspace/install/_local_setup_util_sh.py'
[3.142s] INFO:colcon.colcon_core.shell:Creating prefix chain script '/home/devinhenkel/ros_workspace/install/setup.sh'
[3.166s] INFO:colcon.colcon_core.shell:Creating prefix script '/home/devinhenkel/ros_workspace/install/local_setup.bash'
[3.166s] INFO:colcon.colcon_core.shell:Creating prefix chain script '/home/devinhenkel/ros_workspace/install/setup.bash'
[3.186s] INFO:colcon.colcon_core.shell:Creating prefix script '/home/devinhenkel/ros_workspace/install/local_setup.zsh'
[3.186s] INFO:colcon.colcon_core.shell:Creating prefix chain script '/home/devinhenkel/ros_workspace/install/setup.zsh'
